Start testing: Nov 05 03:56 UTC
----------------------------------------------------------
1/131 Testing: NginxConfigParserTest.SimpleConfig
1/131 Test: NginxConfigParserTest.SimpleConfig
Command: "/usr/src/projects/insert-cheesy-bread/build_coverage/bin/config_parser_test" "--gtest_filter=NginxConfigParserTest.SimpleConfig" "--gtest_also_run_disabled_tests"
Directory: /usr/src/projects/insert-cheesy-bread/tests
"NginxConfigParserTest.SimpleConfig" start time: Nov 05 03:56 UTC
Output:
----------------------------------------------------------
Running main() from /usr/src/googletest/googletest/src/gtest_main.cc
Note: Google Test filter = NginxConfigParserTest.SimpleConfig
[==========] Running 1 test from 1 test suite.
[----------] Global test environment set-up.
[----------] 1 test from NginxConfigParserTest
[ RUN      ] NginxConfigParserTest.SimpleConfig
[2025-11-05 03:56:59.385829] [0x000079dcbb5c1740] [info]    Config file parsing succeeded: example_config
[       OK ] NginxConfigParserTest.SimpleConfig (0 ms)
[----------] 1 test from NginxConfigParserTest (0 ms total)

[----------] Global test environment tear-down
[==========] 1 test from 1 test suite ran. (0 ms total)
[  PASSED  ] 1 test.
<end of output>
Test time =   0.01 sec
----------------------------------------------------------
Test Passed.
"NginxConfigParserTest.SimpleConfig" end time: Nov 05 03:56 UTC
"NginxConfigParserTest.SimpleConfig" time elapsed: 00:00:00
----------------------------------------------------------

2/131 Testing: ParserTest.SimpleConfigFixture
2/131 Test: ParserTest.SimpleConfigFixture
Command: "/usr/src/projects/insert-cheesy-bread/build_coverage/bin/config_parser_test" "--gtest_filter=ParserTest.SimpleConfigFixture" "--gtest_also_run_disabled_tests"
Directory: /usr/src/projects/insert-cheesy-bread/tests
"ParserTest.SimpleConfigFixture" start time: Nov 05 03:56 UTC
Output:
----------------------------------------------------------
Running main() from /usr/src/googletest/googletest/src/gtest_main.cc
Note: Google Test filter = ParserTest.SimpleConfigFixture
[==========] Running 1 test from 1 test suite.
[----------] Global test environment set-up.
[----------] 1 test from ParserTest
[ RUN      ] ParserTest.SimpleConfigFixture
[2025-11-05 03:56:59.392920] [0x00007b8279da7740] [info]    Config file parsing succeeded: example_config
[       OK ] ParserTest.SimpleConfigFixture (0 ms)
[----------] 1 test from ParserTest (0 ms total)

[----------] Global test environment tear-down
[==========] 1 test from 1 test suite ran. (0 ms total)
[  PASSED  ] 1 test.
<end of output>
Test time =   0.01 sec
----------------------------------------------------------
Test Passed.
"ParserTest.SimpleConfigFixture" end time: Nov 05 03:56 UTC
"ParserTest.SimpleConfigFixture" time elapsed: 00:00:00
----------------------------------------------------------

3/131 Testing: ParserTest.ConfigWithComments
3/131 Test: ParserTest.ConfigWithComments
Command: "/usr/src/projects/insert-cheesy-bread/build_coverage/bin/config_parser_test" "--gtest_filter=ParserTest.ConfigWithComments" "--gtest_also_run_disabled_tests"
Directory: /usr/src/projects/insert-cheesy-bread/tests
"ParserTest.ConfigWithComments" start time: Nov 05 03:56 UTC
Output:
----------------------------------------------------------
Running main() from /usr/src/googletest/googletest/src/gtest_main.cc
Note: Google Test filter = ParserTest.ConfigWithComments
[==========] Running 1 test from 1 test suite.
[----------] Global test environment set-up.
[----------] 1 test from ParserTest
[ RUN      ] ParserTest.ConfigWithComments
[2025-11-05 03:56:59.399288] [0x00007cc6639c7740] [info]    Config file parsing succeeded: example_config2
[       OK ] ParserTest.ConfigWithComments (0 ms)
[----------] 1 test from ParserTest (0 ms total)

[----------] Global test environment tear-down
[==========] 1 test from 1 test suite ran. (0 ms total)
[  PASSED  ] 1 test.
<end of output>
Test time =   0.01 sec
----------------------------------------------------------
Test Passed.
"ParserTest.ConfigWithComments" end time: Nov 05 03:56 UTC
"ParserTest.ConfigWithComments" time elapsed: 00:00:00
----------------------------------------------------------

4/131 Testing: ParserTest.ConfigWithDoubleQuote
4/131 Test: ParserTest.ConfigWithDoubleQuote
Command: "/usr/src/projects/insert-cheesy-bread/build_coverage/bin/config_parser_test" "--gtest_filter=ParserTest.ConfigWithDoubleQuote" "--gtest_also_run_disabled_tests"
Directory: /usr/src/projects/insert-cheesy-bread/tests
"ParserTest.ConfigWithDoubleQuote" start time: Nov 05 03:56 UTC
Output:
----------------------------------------------------------
Running main() from /usr/src/googletest/googletest/src/gtest_main.cc
Note: Google Test filter = ParserTest.ConfigWithDoubleQuote
[==========] Running 1 test from 1 test suite.
[----------] Global test environment set-up.
[----------] 1 test from ParserTest
[ RUN      ] ParserTest.ConfigWithDoubleQuote
Bad transition from TOKEN_TYPE_STATEMENT_END to TOKEN_TYPE_ERROR
[2025-11-05 03:56:59.405036] [0x00007a9f136a1740] [warning] Warning, bad transition from TOKEN_TYPE_STATEMENT_END to TOKEN_TYPE_ERROR
[2025-11-05 03:56:59.405060] [0x00007a9f136a1740] [error]   Config file parsing failed: example_config3
[       OK ] ParserTest.ConfigWithDoubleQuote (0 ms)
[----------] 1 test from ParserTest (0 ms total)

[----------] Global test environment tear-down
[==========] 1 test from 1 test suite ran. (0 ms total)
[  PASSED  ] 1 test.
<end of output>
Test time =   0.01 sec
----------------------------------------------------------
Test Passed.
"ParserTest.ConfigWithDoubleQuote" end time: Nov 05 03:56 UTC
"ParserTest.ConfigWithDoubleQuote" time elapsed: 00:00:00
----------------------------------------------------------

5/131 Testing: ParserTest.ConfigWithSingleQuote
5/131 Test: ParserTest.ConfigWithSingleQuote
Command: "/usr/src/projects/insert-cheesy-bread/build_coverage/bin/config_parser_test" "--gtest_filter=ParserTest.ConfigWithSingleQuote" "--gtest_also_run_disabled_tests"
Directory: /usr/src/projects/insert-cheesy-bread/tests
"ParserTest.ConfigWithSingleQuote" start time: Nov 05 03:56 UTC
Output:
----------------------------------------------------------
Running main() from /usr/src/googletest/googletest/src/gtest_main.cc
Note: Google Test filter = ParserTest.ConfigWithSingleQuote
[==========] Running 1 test from 1 test suite.
[----------] Global test environment set-up.
[----------] 1 test from ParserTest
[ RUN      ] ParserTest.ConfigWithSingleQuote
Bad transition from TOKEN_TYPE_STATEMENT_END to TOKEN_TYPE_ERROR
[2025-11-05 03:56:59.411554] [0x0000787b0325a740] [warning] Warning, bad transition from TOKEN_TYPE_STATEMENT_END to TOKEN_TYPE_ERROR
[2025-11-05 03:56:59.411580] [0x0000787b0325a740] [error]   Config file parsing failed: example_config4
[       OK ] ParserTest.ConfigWithSingleQuote (0 ms)
[----------] 1 test from ParserTest (0 ms total)

[----------] Global test environment tear-down
[==========] 1 test from 1 test suite ran. (0 ms total)
[  PASSED  ] 1 test.
<end of output>
Test time =   0.01 sec
----------------------------------------------------------
Test Passed.
"ParserTest.ConfigWithSingleQuote" end time: Nov 05 03:56 UTC
"ParserTest.ConfigWithSingleQuote" time elapsed: 00:00:00
----------------------------------------------------------

6/131 Testing: ParserTest.ConfigWithNoWhiteSpace
6/131 Test: ParserTest.ConfigWithNoWhiteSpace
Command: "/usr/src/projects/insert-cheesy-bread/build_coverage/bin/config_parser_test" "--gtest_filter=ParserTest.ConfigWithNoWhiteSpace" "--gtest_also_run_disabled_tests"
Directory: /usr/src/projects/insert-cheesy-bread/tests
"ParserTest.ConfigWithNoWhiteSpace" start time: Nov 05 03:56 UTC
Output:
----------------------------------------------------------
Running main() from /usr/src/googletest/googletest/src/gtest_main.cc
Note: Google Test filter = ParserTest.ConfigWithNoWhiteSpace
[==========] Running 1 test from 1 test suite.
[----------] Global test environment set-up.
[----------] 1 test from ParserTest
[ RUN      ] ParserTest.ConfigWithNoWhiteSpace
Bad transition from TOKEN_TYPE_STATEMENT_END to TOKEN_TYPE_ERROR
[2025-11-05 03:56:59.417697] [0x00007c6813210740] [warning] Warning, bad transition from TOKEN_TYPE_STATEMENT_END to TOKEN_TYPE_ERROR
[2025-11-05 03:56:59.417722] [0x00007c6813210740] [error]   Config file parsing failed: example_config5
[       OK ] ParserTest.ConfigWithNoWhiteSpace (0 ms)
[----------] 1 test from ParserTest (0 ms total)

[----------] Global test environment tear-down
[==========] 1 test from 1 test suite ran. (0 ms total)
[  PASSED  ] 1 test.
<end of output>
Test time =   0.01 sec
----------------------------------------------------------
Test Passed.
"ParserTest.ConfigWithNoWhiteSpace" end time: Nov 05 03:56 UTC
"ParserTest.ConfigWithNoWhiteSpace" time elapsed: 00:00:00
----------------------------------------------------------

7/131 Testing: ParserTest.EmptyFile
7/131 Test: ParserTest.EmptyFile
Command: "/usr/src/projects/insert-cheesy-bread/build_coverage/bin/config_parser_test" "--gtest_filter=ParserTest.EmptyFile" "--gtest_also_run_disabled_tests"
Directory: /usr/src/projects/insert-cheesy-bread/tests
"ParserTest.EmptyFile" start time: Nov 05 03:56 UTC
Output:
----------------------------------------------------------
Running main() from /usr/src/googletest/googletest/src/gtest_main.cc
Note: Google Test filter = ParserTest.EmptyFile
[==========] Running 1 test from 1 test suite.
[----------] Global test environment set-up.
[----------] 1 test from ParserTest
[ RUN      ] ParserTest.EmptyFile
Bad transition from TOKEN_TYPE_START to TOKEN_TYPE_EOF
[2025-11-05 03:56:59.425093] [0x000078c659a05740] [warning] Warning, bad transition from TOKEN_TYPE_START to TOKEN_TYPE_EOF
[2025-11-05 03:56:59.425122] [0x000078c659a05740] [error]   Config file parsing failed: example_config6
[       OK ] ParserTest.EmptyFile (0 ms)
[----------] 1 test from ParserTest (0 ms total)

[----------] Global test environment tear-down
[==========] 1 test from 1 test suite ran. (0 ms total)
[  PASSED  ] 1 test.
<end of output>
Test time =   0.01 sec
----------------------------------------------------------
Test Passed.
"ParserTest.EmptyFile" end time: Nov 05 03:56 UTC
"ParserTest.EmptyFile" time elapsed: 00:00:00
----------------------------------------------------------

8/131 Testing: ParserTest.NestedConfig
8/131 Test: ParserTest.NestedConfig
Command: "/usr/src/projects/insert-cheesy-bread/build_coverage/bin/config_parser_test" "--gtest_filter=ParserTest.NestedConfig" "--gtest_also_run_disabled_tests"
Directory: /usr/src/projects/insert-cheesy-bread/tests
"ParserTest.NestedConfig" start time: Nov 05 03:56 UTC
Output:
----------------------------------------------------------
Running main() from /usr/src/googletest/googletest/src/gtest_main.cc
Note: Google Test filter = ParserTest.NestedConfig
[==========] Running 1 test from 1 test suite.
[----------] Global test environment set-up.
[----------] 1 test from ParserTest
[ RUN      ] ParserTest.NestedConfig
[2025-11-05 03:56:59.432260] [0x00007f2dcc69f740] [info]    Config file parsing succeeded: example_config7
[       OK ] ParserTest.NestedConfig (0 ms)
[----------] 1 test from ParserTest (0 ms total)

[----------] Global test environment tear-down
[==========] 1 test from 1 test suite ran. (0 ms total)
[  PASSED  ] 1 test.
<end of output>
Test time =   0.01 sec
----------------------------------------------------------
Test Passed.
"ParserTest.NestedConfig" end time: Nov 05 03:56 UTC
"ParserTest.NestedConfig" time elapsed: 00:00:00
----------------------------------------------------------

9/131 Testing: ParserTest.ConfigWithTabs
9/131 Test: ParserTest.ConfigWithTabs
Command: "/usr/src/projects/insert-cheesy-bread/build_coverage/bin/config_parser_test" "--gtest_filter=ParserTest.ConfigWithTabs" "--gtest_also_run_disabled_tests"
Directory: /usr/src/projects/insert-cheesy-bread/tests
"ParserTest.ConfigWithTabs" start time: Nov 05 03:56 UTC
Output:
----------------------------------------------------------
Running main() from /usr/src/googletest/googletest/src/gtest_main.cc
Note: Google Test filter = ParserTest.ConfigWithTabs
[==========] Running 1 test from 1 test suite.
[----------] Global test environment set-up.
[----------] 1 test from ParserTest
[ RUN      ] ParserTest.ConfigWithTabs
[2025-11-05 03:56:59.439081] [0x00007db6c6b54740] [info]    Config file parsing succeeded: example_config8
[       OK ] ParserTest.ConfigWithTabs (0 ms)
[----------] 1 test from ParserTest (0 ms total)

[----------] Global test environment tear-down
[==========] 1 test from 1 test suite ran. (0 ms total)
[  PASSED  ] 1 test.
<end of output>
Test time =   0.01 sec
----------------------------------------------------------
Test Passed.
"ParserTest.ConfigWithTabs" end time: Nov 05 03:56 UTC
"ParserTest.ConfigWithTabs" time elapsed: 00:00:00
----------------------------------------------------------

10/131 Testing: ParserTest.UnclosedOpenBracket
10/131 Test: ParserTest.UnclosedOpenBracket
Command: "/usr/src/projects/insert-cheesy-bread/build_coverage/bin/config_parser_test" "--gtest_filter=ParserTest.UnclosedOpenBracket" "--gtest_also_run_disabled_tests"
Directory: /usr/src/projects/insert-cheesy-bread/tests
"ParserTest.UnclosedOpenBracket" start time: Nov 05 03:56 UTC
Output:
----------------------------------------------------------
Running main() from /usr/src/googletest/googletest/src/gtest_main.cc
Note: Google Test filter = ParserTest.UnclosedOpenBracket
[==========] Running 1 test from 1 test suite.
[----------] Global test environment set-up.
[----------] 1 test from ParserTest
[ RUN      ] ParserTest.UnclosedOpenBracket
Bad transition from TOKEN_TYPE_STATEMENT_END to TOKEN_TYPE_EOF
[2025-11-05 03:56:59.446951] [0x00007a7fdc92f740] [warning] Warning, bad transition from TOKEN_TYPE_STATEMENT_END to TOKEN_TYPE_EOF
[2025-11-05 03:56:59.446978] [0x00007a7fdc92f740] [error]   Config file parsing failed: example_config9
[       OK ] ParserTest.UnclosedOpenBracket (0 ms)
[----------] 1 test from ParserTest (0 ms total)

[----------] Global test environment tear-down
[==========] 1 test from 1 test suite ran. (0 ms total)
[  PASSED  ] 1 test.
<end of output>
Test time =   0.01 sec
----------------------------------------------------------
Test Passed.
"ParserTest.UnclosedOpenBracket" end time: Nov 05 03:56 UTC
"ParserTest.UnclosedOpenBracket" time elapsed: 00:00:00
----------------------------------------------------------

11/131 Testing: ParserTest.UnclosedClosedBracket
11/131 Test: ParserTest.UnclosedClosedBracket
Command: "/usr/src/projects/insert-cheesy-bread/build_coverage/bin/config_parser_test" "--gtest_filter=ParserTest.UnclosedClosedBracket" "--gtest_also_run_disabled_tests"
Directory: /usr/src/projects/insert-cheesy-bread/tests
"ParserTest.UnclosedClosedBracket" start time: Nov 05 03:56 UTC
Output:
----------------------------------------------------------
Running main() from /usr/src/googletest/googletest/src/gtest_main.cc
Note: Google Test filter = ParserTest.UnclosedClosedBracket
[==========] Running 1 test from 1 test suite.
[----------] Global test environment set-up.
[----------] 1 test from ParserTest
[ RUN      ] ParserTest.UnclosedClosedBracket
Bad transition from TOKEN_TYPE_STATEMENT_END to TOKEN_TYPE_ERROR
[2025-11-05 03:56:59.453705] [0x00007d1acacc8740] [warning] Warning, bad transition from TOKEN_TYPE_STATEMENT_END to TOKEN_TYPE_ERROR
[2025-11-05 03:56:59.453732] [0x00007d1acacc8740] [error]   Config file parsing failed: example_config10
[       OK ] ParserTest.UnclosedClosedBracket (0 ms)
[----------] 1 test from ParserTest (0 ms total)

[----------] Global test environment tear-down
[==========] 1 test from 1 test suite ran. (0 ms total)
[  PASSED  ] 1 test.
<end of output>
Test time =   0.01 sec
----------------------------------------------------------
Test Passed.
"ParserTest.UnclosedClosedBracket" end time: Nov 05 03:56 UTC
"ParserTest.UnclosedClosedBracket" time elapsed: 00:00:00
----------------------------------------------------------

12/131 Testing: ParserTest.DoubleQuoteBackslashEscape
12/131 Test: ParserTest.DoubleQuoteBackslashEscape
Command: "/usr/src/projects/insert-cheesy-bread/build_coverage/bin/config_parser_test" "--gtest_filter=ParserTest.DoubleQuoteBackslashEscape" "--gtest_also_run_disabled_tests"
Directory: /usr/src/projects/insert-cheesy-bread/tests
"ParserTest.DoubleQuoteBackslashEscape" start time: Nov 05 03:56 UTC
Output:
----------------------------------------------------------
Running main() from /usr/src/googletest/googletest/src/gtest_main.cc
Note: Google Test filter = ParserTest.DoubleQuoteBackslashEscape
[==========] Running 1 test from 1 test suite.
[----------] Global test environment set-up.
[----------] 1 test from ParserTest
[ RUN      ] ParserTest.DoubleQuoteBackslashEscape
[2025-11-05 03:56:59.460312] [0x00007e507e192740] [info]    Config file parsing succeeded: example_config11
[       OK ] ParserTest.DoubleQuoteBackslashEscape (0 ms)
[----------] 1 test from ParserTest (0 ms total)

[----------] Global test environment tear-down
[==========] 1 test from 1 test suite ran. (0 ms total)
[  PASSED  ] 1 test.
<end of output>
Test time =   0.01 sec
----------------------------------------------------------
Test Passed.
"ParserTest.DoubleQuoteBackslashEscape" end time: Nov 05 03:56 UTC
"ParserTest.DoubleQuoteBackslashEscape" time elapsed: 00:00:00
----------------------------------------------------------

13/131 Testing: ParserTest.SingleQuoteBackslashEscape
13/131 Test: ParserTest.SingleQuoteBackslashEscape
Command: "/usr/src/projects/insert-cheesy-bread/build_coverage/bin/config_parser_test" "--gtest_filter=ParserTest.SingleQuoteBackslashEscape" "--gtest_also_run_disabled_tests"
Directory: /usr/src/projects/insert-cheesy-bread/tests
"ParserTest.SingleQuoteBackslashEscape" start time: Nov 05 03:56 UTC
Output:
----------------------------------------------------------
Running main() from /usr/src/googletest/googletest/src/gtest_main.cc
Note: Google Test filter = ParserTest.SingleQuoteBackslashEscape
[==========] Running 1 test from 1 test suite.
[----------] Global test environment set-up.
[----------] 1 test from ParserTest
[ RUN      ] ParserTest.SingleQuoteBackslashEscape
[2025-11-05 03:56:59.467147] [0x00007981088fd740] [info]    Config file parsing succeeded: example_config12
[       OK ] ParserTest.SingleQuoteBackslashEscape (0 ms)
[----------] 1 test from ParserTest (0 ms total)

[----------] Global test environment tear-down
[==========] 1 test from 1 test suite ran. (0 ms total)
[  PASSED  ] 1 test.
<end of output>
Test time =   0.01 sec
----------------------------------------------------------
Test Passed.
"ParserTest.SingleQuoteBackslashEscape" end time: Nov 05 03:56 UTC
"ParserTest.SingleQuoteBackslashEscape" time elapsed: 00:00:00
----------------------------------------------------------

14/131 Testing: ParserTest.ToString_SimpleAndNestedBlocks_UsesIndentation
14/131 Test: ParserTest.ToString_SimpleAndNestedBlocks_UsesIndentation
Command: "/usr/src/projects/insert-cheesy-bread/build_coverage/bin/config_parser_test" "--gtest_filter=ParserTest.ToString_SimpleAndNestedBlocks_UsesIndentation" "--gtest_also_run_disabled_tests"
Directory: /usr/src/projects/insert-cheesy-bread/tests
"ParserTest.ToString_SimpleAndNestedBlocks_UsesIndentation" start time: Nov 05 03:56 UTC
Output:
----------------------------------------------------------
Running main() from /usr/src/googletest/googletest/src/gtest_main.cc
Note: Google Test filter = ParserTest.ToString_SimpleAndNestedBlocks_UsesIndentation
[==========] Running 1 test from 1 test suite.
[----------] Global test environment set-up.
[----------] 1 test from ParserTest
[ RUN      ] ParserTest.ToString_SimpleAndNestedBlocks_UsesIndentation
[       OK ] ParserTest.ToString_SimpleAndNestedBlocks_UsesIndentation (0 ms)
[----------] 1 test from ParserTest (0 ms total)

[----------] Global test environment tear-down
[==========] 1 test from 1 test suite ran. (0 ms total)
[  PASSED  ] 1 test.
<end of output>
Test time =   0.01 sec
----------------------------------------------------------
Test Passed.
"ParserTest.ToString_SimpleAndNestedBlocks_UsesIndentation" end time: Nov 05 03:56 UTC
"ParserTest.ToString_SimpleAndNestedBlocks_UsesIndentation" time elapsed: 00:00:00
----------------------------------------------------------

15/131 Testing: ParserTest.ToString_ManualConstruction_InnerIndentLoopHit
15/131 Test: ParserTest.ToString_ManualConstruction_InnerIndentLoopHit
Command: "/usr/src/projects/insert-cheesy-bread/build_coverage/bin/config_parser_test" "--gtest_filter=ParserTest.ToString_ManualConstruction_InnerIndentLoopHit" "--gtest_also_run_disabled_tests"
Directory: /usr/src/projects/insert-cheesy-bread/tests
"ParserTest.ToString_ManualConstruction_InnerIndentLoopHit" start time: Nov 05 03:56 UTC
Output:
----------------------------------------------------------
Running main() from /usr/src/googletest/googletest/src/gtest_main.cc
Note: Google Test filter = ParserTest.ToString_ManualConstruction_InnerIndentLoopHit
[==========] Running 1 test from 1 test suite.
[----------] Global test environment set-up.
[----------] 1 test from ParserTest
[ RUN      ] ParserTest.ToString_ManualConstruction_InnerIndentLoopHit
[       OK ] ParserTest.ToString_ManualConstruction_InnerIndentLoopHit (0 ms)
[----------] 1 test from ParserTest (0 ms total)

[----------] Global test environment tear-down
[==========] 1 test from 1 test suite ran. (0 ms total)
[  PASSED  ] 1 test.
<end of output>
Test time =   0.01 sec
----------------------------------------------------------
Test Passed.
"ParserTest.ToString_ManualConstruction_InnerIndentLoopHit" end time: Nov 05 03:56 UTC
"ParserTest.ToString_ManualConstruction_InnerIndentLoopHit" time elapsed: 00:00:00
----------------------------------------------------------

16/131 Testing: ParserTest.Quotes_DoubleQuoteEscapesAreHandled
16/131 Test: ParserTest.Quotes_DoubleQuoteEscapesAreHandled
Command: "/usr/src/projects/insert-cheesy-bread/build_coverage/bin/config_parser_test" "--gtest_filter=ParserTest.Quotes_DoubleQuoteEscapesAreHandled" "--gtest_also_run_disabled_tests"
Directory: /usr/src/projects/insert-cheesy-bread/tests
"ParserTest.Quotes_DoubleQuoteEscapesAreHandled" start time: Nov 05 03:56 UTC
Output:
----------------------------------------------------------
Running main() from /usr/src/googletest/googletest/src/gtest_main.cc
Note: Google Test filter = ParserTest.Quotes_DoubleQuoteEscapesAreHandled
[==========] Running 1 test from 1 test suite.
[----------] Global test environment set-up.
[----------] 1 test from ParserTest
[ RUN      ] ParserTest.Quotes_DoubleQuoteEscapesAreHandled
[       OK ] ParserTest.Quotes_DoubleQuoteEscapesAreHandled (0 ms)
[----------] 1 test from ParserTest (0 ms total)

[----------] Global test environment tear-down
[==========] 1 test from 1 test suite ran. (0 ms total)
[  PASSED  ] 1 test.
<end of output>
Test time =   0.01 sec
----------------------------------------------------------
Test Passed.
"ParserTest.Quotes_DoubleQuoteEscapesAreHandled" end time: Nov 05 03:56 UTC
"ParserTest.Quotes_DoubleQuoteEscapesAreHandled" time elapsed: 00:00:00
----------------------------------------------------------

17/131 Testing: ParserTest.Quotes_SingleQuoteEscapesAreHandled
17/131 Test: ParserTest.Quotes_SingleQuoteEscapesAreHandled
Command: "/usr/src/projects/insert-cheesy-bread/build_coverage/bin/config_parser_test" "--gtest_filter=ParserTest.Quotes_SingleQuoteEscapesAreHandled" "--gtest_also_run_disabled_tests"
Directory: /usr/src/projects/insert-cheesy-bread/tests
"ParserTest.Quotes_SingleQuoteEscapesAreHandled" start time: Nov 05 03:56 UTC
Output:
----------------------------------------------------------
Running main() from /usr/src/googletest/googletest/src/gtest_main.cc
Note: Google Test filter = ParserTest.Quotes_SingleQuoteEscapesAreHandled
[==========] Running 1 test from 1 test suite.
[----------] Global test environment set-up.
[----------] 1 test from ParserTest
[ RUN      ] ParserTest.Quotes_SingleQuoteEscapesAreHandled
[       OK ] ParserTest.Quotes_SingleQuoteEscapesAreHandled (0 ms)
[----------] 1 test from ParserTest (0 ms total)

[----------] Global test environment tear-down
[==========] 1 test from 1 test suite ran. (0 ms total)
[  PASSED  ] 1 test.
<end of output>
Test time =   0.00 sec
----------------------------------------------------------
Test Passed.
"ParserTest.Quotes_SingleQuoteEscapesAreHandled" end time: Nov 05 03:56 UTC
"ParserTest.Quotes_SingleQuoteEscapesAreHandled" time elapsed: 00:00:00
----------------------------------------------------------

18/131 Testing: ParserTest.Quotes_DoubleQuoteFollowedByBadCharIsError
18/131 Test: ParserTest.Quotes_DoubleQuoteFollowedByBadCharIsError
Command: "/usr/src/projects/insert-cheesy-bread/build_coverage/bin/config_parser_test" "--gtest_filter=ParserTest.Quotes_DoubleQuoteFollowedByBadCharIsError" "--gtest_also_run_disabled_tests"
Directory: /usr/src/projects/insert-cheesy-bread/tests
"ParserTest.Quotes_DoubleQuoteFollowedByBadCharIsError" start time: Nov 05 03:56 UTC
Output:
----------------------------------------------------------
Running main() from /usr/src/googletest/googletest/src/gtest_main.cc
Note: Google Test filter = ParserTest.Quotes_DoubleQuoteFollowedByBadCharIsError
[==========] Running 1 test from 1 test suite.
[----------] Global test environment set-up.
[----------] 1 test from ParserTest
[ RUN      ] ParserTest.Quotes_DoubleQuoteFollowedByBadCharIsError
Bad transition from TOKEN_TYPE_NORMAL to TOKEN_TYPE_ERROR
[2025-11-05 03:56:59.499943] [0x00007c7ed7f92740] [warning] Warning, bad transition from TOKEN_TYPE_NORMAL to TOKEN_TYPE_ERROR
[       OK ] ParserTest.Quotes_DoubleQuoteFollowedByBadCharIsError (0 ms)
[----------] 1 test from ParserTest (0 ms total)

[----------] Global test environment tear-down
[==========] 1 test from 1 test suite ran. (0 ms total)
[  PASSED  ] 1 test.
<end of output>
Test time =   0.01 sec
----------------------------------------------------------
Test Passed.
"ParserTest.Quotes_DoubleQuoteFollowedByBadCharIsError" end time: Nov 05 03:56 UTC
"ParserTest.Quotes_DoubleQuoteFollowedByBadCharIsError" time elapsed: 00:00:00
----------------------------------------------------------

19/131 Testing: ParserTest.Quotes_SingleQuoteFollowedByBadCharIsError
19/131 Test: ParserTest.Quotes_SingleQuoteFollowedByBadCharIsError
Command: "/usr/src/projects/insert-cheesy-bread/build_coverage/bin/config_parser_test" "--gtest_filter=ParserTest.Quotes_SingleQuoteFollowedByBadCharIsError" "--gtest_also_run_disabled_tests"
Directory: /usr/src/projects/insert-cheesy-bread/tests
"ParserTest.Quotes_SingleQuoteFollowedByBadCharIsError" start time: Nov 05 03:56 UTC
Output:
----------------------------------------------------------
Running main() from /usr/src/googletest/googletest/src/gtest_main.cc
Note: Google Test filter = ParserTest.Quotes_SingleQuoteFollowedByBadCharIsError
[==========] Running 1 test from 1 test suite.
[----------] Global test environment set-up.
[----------] 1 test from ParserTest
[ RUN      ] ParserTest.Quotes_SingleQuoteFollowedByBadCharIsError
Bad transition from TOKEN_TYPE_NORMAL to TOKEN_TYPE_ERROR
[2025-11-05 03:56:59.507931] [0x00007898d53e2740] [warning] Warning, bad transition from TOKEN_TYPE_NORMAL to TOKEN_TYPE_ERROR
[       OK ] ParserTest.Quotes_SingleQuoteFollowedByBadCharIsError (0 ms)
[----------] 1 test from ParserTest (0 ms total)

[----------] Global test environment tear-down
[==========] 1 test from 1 test suite ran. (0 ms total)
[  PASSED  ] 1 test.
<end of output>
Test time =   0.01 sec
----------------------------------------------------------
Test Passed.
"ParserTest.Quotes_SingleQuoteFollowedByBadCharIsError" end time: Nov 05 03:56 UTC
"ParserTest.Quotes_SingleQuoteFollowedByBadCharIsError" time elapsed: 00:00:00
----------------------------------------------------------

20/131 Testing: ParserTest.Error_StraySemicolonOnly
20/131 Test: ParserTest.Error_StraySemicolonOnly
Command: "/usr/src/projects/insert-cheesy-bread/build_coverage/bin/config_parser_test" "--gtest_filter=ParserTest.Error_StraySemicolonOnly" "--gtest_also_run_disabled_tests"
Directory: /usr/src/projects/insert-cheesy-bread/tests
"ParserTest.Error_StraySemicolonOnly" start time: Nov 05 03:56 UTC
Output:
----------------------------------------------------------
Running main() from /usr/src/googletest/googletest/src/gtest_main.cc
Note: Google Test filter = ParserTest.Error_StraySemicolonOnly
[==========] Running 1 test from 1 test suite.
[----------] Global test environment set-up.
[----------] 1 test from ParserTest
[ RUN      ] ParserTest.Error_StraySemicolonOnly
Bad transition from TOKEN_TYPE_START to TOKEN_TYPE_STATEMENT_END
[2025-11-05 03:56:59.514246] [0x00007a44fcfc6740] [warning] Warning, bad transition from TOKEN_TYPE_START to TOKEN_TYPE_STATEMENT_END
[       OK ] ParserTest.Error_StraySemicolonOnly (0 ms)
[----------] 1 test from ParserTest (0 ms total)

[----------] Global test environment tear-down
[==========] 1 test from 1 test suite ran. (0 ms total)
[  PASSED  ] 1 test.
<end of output>
Test time =   0.01 sec
----------------------------------------------------------
Test Passed.
"ParserTest.Error_StraySemicolonOnly" end time: Nov 05 03:56 UTC
"ParserTest.Error_StraySemicolonOnly" time elapsed: 00:00:00
----------------------------------------------------------

21/131 Testing: ParserTest.Error_ExtraClosingBraceAtTopLevel
21/131 Test: ParserTest.Error_ExtraClosingBraceAtTopLevel
Command: "/usr/src/projects/insert-cheesy-bread/build_coverage/bin/config_parser_test" "--gtest_filter=ParserTest.Error_ExtraClosingBraceAtTopLevel" "--gtest_also_run_disabled_tests"
Directory: /usr/src/projects/insert-cheesy-bread/tests
"ParserTest.Error_ExtraClosingBraceAtTopLevel" start time: Nov 05 03:56 UTC
Output:
----------------------------------------------------------
Running main() from /usr/src/googletest/googletest/src/gtest_main.cc
Note: Google Test filter = ParserTest.Error_ExtraClosingBraceAtTopLevel
[==========] Running 1 test from 1 test suite.
[----------] Global test environment set-up.
[----------] 1 test from ParserTest
[ RUN      ] ParserTest.Error_ExtraClosingBraceAtTopLevel
Bad transition from TOKEN_TYPE_START to TOKEN_TYPE_END_BLOCK
[2025-11-05 03:56:59.521533] [0x00007c1e38bc9740] [warning] Warning, bad transition from TOKEN_TYPE_START to TOKEN_TYPE_END_BLOCK
[       OK ] ParserTest.Error_ExtraClosingBraceAtTopLevel (0 ms)
[----------] 1 test from ParserTest (0 ms total)

[----------] Global test environment tear-down
[==========] 1 test from 1 test suite ran. (0 ms total)
[  PASSED  ] 1 test.
<end of output>
Test time =   0.01 sec
----------------------------------------------------------
Test Passed.
"ParserTest.Error_ExtraClosingBraceAtTopLevel" end time: Nov 05 03:56 UTC
"ParserTest.Error_ExtraClosingBraceAtTopLevel" time elapsed: 00:00:00
----------------------------------------------------------

22/131 Testing: ParserTest.Error_StartBlockAfterStatementEndIsInvalid
22/131 Test: ParserTest.Error_StartBlockAfterStatementEndIsInvalid
Command: "/usr/src/projects/insert-cheesy-bread/build_coverage/bin/config_parser_test" "--gtest_filter=ParserTest.Error_StartBlockAfterStatementEndIsInvalid" "--gtest_also_run_disabled_tests"
Directory: /usr/src/projects/insert-cheesy-bread/tests
"ParserTest.Error_StartBlockAfterStatementEndIsInvalid" start time: Nov 05 03:56 UTC
Output:
----------------------------------------------------------
Running main() from /usr/src/googletest/googletest/src/gtest_main.cc
Note: Google Test filter = ParserTest.Error_StartBlockAfterStatementEndIsInvalid
[==========] Running 1 test from 1 test suite.
[----------] Global test environment set-up.
[----------] 1 test from ParserTest
[ RUN      ] ParserTest.Error_StartBlockAfterStatementEndIsInvalid
Bad transition from TOKEN_TYPE_STATEMENT_END to TOKEN_TYPE_START_BLOCK
[2025-11-05 03:56:59.528845] [0x00007c9cbeeb7740] [warning] Warning, bad transition from TOKEN_TYPE_STATEMENT_END to TOKEN_TYPE_START_BLOCK
[       OK ] ParserTest.Error_StartBlockAfterStatementEndIsInvalid (0 ms)
[----------] 1 test from ParserTest (0 ms total)

[----------] Global test environment tear-down
[==========] 1 test from 1 test suite ran. (0 ms total)
[  PASSED  ] 1 test.
<end of output>
Test time =   0.01 sec
----------------------------------------------------------
Test Passed.
"ParserTest.Error_StartBlockAfterStatementEndIsInvalid" end time: Nov 05 03:56 UTC
"ParserTest.Error_StartBlockAfterStatementEndIsInvalid" time elapsed: 00:00:00
----------------------------------------------------------

23/131 Testing: ParserTest.Error_EofAfterNormalTokenIsInvalid
23/131 Test: ParserTest.Error_EofAfterNormalTokenIsInvalid
Command: "/usr/src/projects/insert-cheesy-bread/build_coverage/bin/config_parser_test" "--gtest_filter=ParserTest.Error_EofAfterNormalTokenIsInvalid" "--gtest_also_run_disabled_tests"
Directory: /usr/src/projects/insert-cheesy-bread/tests
"ParserTest.Error_EofAfterNormalTokenIsInvalid" start time: Nov 05 03:56 UTC
Output:
----------------------------------------------------------
Running main() from /usr/src/googletest/googletest/src/gtest_main.cc
Note: Google Test filter = ParserTest.Error_EofAfterNormalTokenIsInvalid
[==========] Running 1 test from 1 test suite.
[----------] Global test environment set-up.
[----------] 1 test from ParserTest
[ RUN      ] ParserTest.Error_EofAfterNormalTokenIsInvalid
Bad transition from TOKEN_TYPE_START to TOKEN_TYPE_EOF
[2025-11-05 03:56:59.536707] [0x00007b0f808ec740] [warning] Warning, bad transition from TOKEN_TYPE_START to TOKEN_TYPE_EOF
[       OK ] ParserTest.Error_EofAfterNormalTokenIsInvalid (0 ms)
[----------] 1 test from ParserTest (0 ms total)

[----------] Global test environment tear-down
[==========] 1 test from 1 test suite ran. (0 ms total)
[  PASSED  ] 1 test.
<end of output>
Test time =   0.01 sec
----------------------------------------------------------
Test Passed.
"ParserTest.Error_EofAfterNormalTokenIsInvalid" end time: Nov 05 03:56 UTC
"ParserTest.Error_EofAfterNormalTokenIsInvalid" time elapsed: 00:00:00
----------------------------------------------------------

24/131 Testing: ParserTest.Error_FileOpenFailureReturnsFalse
24/131 Test: ParserTest.Error_FileOpenFailureReturnsFalse
Command: "/usr/src/projects/insert-cheesy-bread/build_coverage/bin/config_parser_test" "--gtest_filter=ParserTest.Error_FileOpenFailureReturnsFalse" "--gtest_also_run_disabled_tests"
Directory: /usr/src/projects/insert-cheesy-bread/tests
"ParserTest.Error_FileOpenFailureReturnsFalse" start time: Nov 05 03:56 UTC
Output:
----------------------------------------------------------
Running main() from /usr/src/googletest/googletest/src/gtest_main.cc
Note: Google Test filter = ParserTest.Error_FileOpenFailureReturnsFalse
[==========] Running 1 test from 1 test suite.
[----------] Global test environment set-up.
[----------] 1 test from ParserTest
[ RUN      ] ParserTest.Error_FileOpenFailureReturnsFalse
Failed to open config file: this_file_should_not_exist_12345
[2025-11-05 03:56:59.543573] [0x00007d4fe5fd3740] [error]   Error opening config file: this_file_should_not_exist_12345
[       OK ] ParserTest.Error_FileOpenFailureReturnsFalse (0 ms)
[----------] 1 test from ParserTest (0 ms total)

[----------] Global test environment tear-down
[==========] 1 test from 1 test suite ran. (0 ms total)
[  PASSED  ] 1 test.
<end of output>
Test time =   0.01 sec
----------------------------------------------------------
Test Passed.
"ParserTest.Error_FileOpenFailureReturnsFalse" end time: Nov 05 03:56 UTC
"ParserTest.Error_FileOpenFailureReturnsFalse" time elapsed: 00:00:00
----------------------------------------------------------

25/131 Testing: ParserTest.Quotes_DoubleQuoteFollowedByCloseBrace_Error
25/131 Test: ParserTest.Quotes_DoubleQuoteFollowedByCloseBrace_Error
Command: "/usr/src/projects/insert-cheesy-bread/build_coverage/bin/config_parser_test" "--gtest_filter=ParserTest.Quotes_DoubleQuoteFollowedByCloseBrace_Error" "--gtest_also_run_disabled_tests"
Directory: /usr/src/projects/insert-cheesy-bread/tests
"ParserTest.Quotes_DoubleQuoteFollowedByCloseBrace_Error" start time: Nov 05 03:56 UTC
Output:
----------------------------------------------------------
Running main() from /usr/src/googletest/googletest/src/gtest_main.cc
Note: Google Test filter = ParserTest.Quotes_DoubleQuoteFollowedByCloseBrace_Error
[==========] Running 1 test from 1 test suite.
[----------] Global test environment set-up.
[----------] 1 test from ParserTest
[ RUN      ] ParserTest.Quotes_DoubleQuoteFollowedByCloseBrace_Error
Bad transition from TOKEN_TYPE_NORMAL to TOKEN_TYPE_END_BLOCK
[2025-11-05 03:56:59.549937] [0x00007b9c413a6740] [warning] Warning, bad transition from TOKEN_TYPE_NORMAL to TOKEN_TYPE_END_BLOCK
[       OK ] ParserTest.Quotes_DoubleQuoteFollowedByCloseBrace_Error (0 ms)
[----------] 1 test from ParserTest (0 ms total)

[----------] Global test environment tear-down
[==========] 1 test from 1 test suite ran. (0 ms total)
[  PASSED  ] 1 test.
<end of output>
Test time =   0.01 sec
----------------------------------------------------------
Test Passed.
"ParserTest.Quotes_DoubleQuoteFollowedByCloseBrace_Error" end time: Nov 05 03:56 UTC
"ParserTest.Quotes_DoubleQuoteFollowedByCloseBrace_Error" time elapsed: 00:00:00
----------------------------------------------------------

26/131 Testing: ParserTest.Quotes_DoubleQuoteFollowedByTab_OK
26/131 Test: ParserTest.Quotes_DoubleQuoteFollowedByTab_OK
Command: "/usr/src/projects/insert-cheesy-bread/build_coverage/bin/config_parser_test" "--gtest_filter=ParserTest.Quotes_DoubleQuoteFollowedByTab_OK" "--gtest_also_run_disabled_tests"
Directory: /usr/src/projects/insert-cheesy-bread/tests
"ParserTest.Quotes_DoubleQuoteFollowedByTab_OK" start time: Nov 05 03:56 UTC
Output:
----------------------------------------------------------
Running main() from /usr/src/googletest/googletest/src/gtest_main.cc
Note: Google Test filter = ParserTest.Quotes_DoubleQuoteFollowedByTab_OK
[==========] Running 1 test from 1 test suite.
[----------] Global test environment set-up.
[----------] 1 test from ParserTest
[ RUN      ] ParserTest.Quotes_DoubleQuoteFollowedByTab_OK
[       OK ] ParserTest.Quotes_DoubleQuoteFollowedByTab_OK (0 ms)
[----------] 1 test from ParserTest (0 ms total)

[----------] Global test environment tear-down
[==========] 1 test from 1 test suite ran. (0 ms total)
[  PASSED  ] 1 test.
<end of output>
Test time =   0.01 sec
----------------------------------------------------------
Test Passed.
"ParserTest.Quotes_DoubleQuoteFollowedByTab_OK" end time: Nov 05 03:56 UTC
"ParserTest.Quotes_DoubleQuoteFollowedByTab_OK" time elapsed: 00:00:00
----------------------------------------------------------

27/131 Testing: ParserTest.Quotes_DoubleQuoteFollowedByNewline_OK
27/131 Test: ParserTest.Quotes_DoubleQuoteFollowedByNewline_OK
Command: "/usr/src/projects/insert-cheesy-bread/build_coverage/bin/config_parser_test" "--gtest_filter=ParserTest.Quotes_DoubleQuoteFollowedByNewline_OK" "--gtest_also_run_disabled_tests"
Directory: /usr/src/projects/insert-cheesy-bread/tests
"ParserTest.Quotes_DoubleQuoteFollowedByNewline_OK" start time: Nov 05 03:56 UTC
Output:
----------------------------------------------------------
Running main() from /usr/src/googletest/googletest/src/gtest_main.cc
Note: Google Test filter = ParserTest.Quotes_DoubleQuoteFollowedByNewline_OK
[==========] Running 1 test from 1 test suite.
[----------] Global test environment set-up.
[----------] 1 test from ParserTest
[ RUN      ] ParserTest.Quotes_DoubleQuoteFollowedByNewline_OK
[       OK ] ParserTest.Quotes_DoubleQuoteFollowedByNewline_OK (0 ms)
[----------] 1 test from ParserTest (0 ms total)

[----------] Global test environment tear-down
[==========] 1 test from 1 test suite ran. (0 ms total)
[  PASSED  ] 1 test.
<end of output>
Test time =   0.01 sec
----------------------------------------------------------
Test Passed.
"ParserTest.Quotes_DoubleQuoteFollowedByNewline_OK" end time: Nov 05 03:56 UTC
"ParserTest.Quotes_DoubleQuoteFollowedByNewline_OK" time elapsed: 00:00:00
----------------------------------------------------------

28/131 Testing: ParserTest.Quotes_SingleQuoteFollowedByCloseBrace_Error
28/131 Test: ParserTest.Quotes_SingleQuoteFollowedByCloseBrace_Error
Command: "/usr/src/projects/insert-cheesy-bread/build_coverage/bin/config_parser_test" "--gtest_filter=ParserTest.Quotes_SingleQuoteFollowedByCloseBrace_Error" "--gtest_also_run_disabled_tests"
Directory: /usr/src/projects/insert-cheesy-bread/tests
"ParserTest.Quotes_SingleQuoteFollowedByCloseBrace_Error" start time: Nov 05 03:56 UTC
Output:
----------------------------------------------------------
Running main() from /usr/src/googletest/googletest/src/gtest_main.cc
Note: Google Test filter = ParserTest.Quotes_SingleQuoteFollowedByCloseBrace_Error
[==========] Running 1 test from 1 test suite.
[----------] Global test environment set-up.
[----------] 1 test from ParserTest
[ RUN      ] ParserTest.Quotes_SingleQuoteFollowedByCloseBrace_Error
Bad transition from TOKEN_TYPE_NORMAL to TOKEN_TYPE_END_BLOCK
[2025-11-05 03:56:59.571659] [0x00007aeb55f5f740] [warning] Warning, bad transition from TOKEN_TYPE_NORMAL to TOKEN_TYPE_END_BLOCK
[       OK ] ParserTest.Quotes_SingleQuoteFollowedByCloseBrace_Error (0 ms)
[----------] 1 test from ParserTest (0 ms total)

[----------] Global test environment tear-down
[==========] 1 test from 1 test suite ran. (0 ms total)
[  PASSED  ] 1 test.
<end of output>
Test time =   0.01 sec
----------------------------------------------------------
Test Passed.
"ParserTest.Quotes_SingleQuoteFollowedByCloseBrace_Error" end time: Nov 05 03:56 UTC
"ParserTest.Quotes_SingleQuoteFollowedByCloseBrace_Error" time elapsed: 00:00:00
----------------------------------------------------------

29/131 Testing: ParserTest.NormalToken_FollowedByCloseBrace_NoSpace_Error
29/131 Test: ParserTest.NormalToken_FollowedByCloseBrace_NoSpace_Error
Command: "/usr/src/projects/insert-cheesy-bread/build_coverage/bin/config_parser_test" "--gtest_filter=ParserTest.NormalToken_FollowedByCloseBrace_NoSpace_Error" "--gtest_also_run_disabled_tests"
Directory: /usr/src/projects/insert-cheesy-bread/tests
"ParserTest.NormalToken_FollowedByCloseBrace_NoSpace_Error" start time: Nov 05 03:56 UTC
Output:
----------------------------------------------------------
Running main() from /usr/src/googletest/googletest/src/gtest_main.cc
Note: Google Test filter = ParserTest.NormalToken_FollowedByCloseBrace_NoSpace_Error
[==========] Running 1 test from 1 test suite.
[----------] Global test environment set-up.
[----------] 1 test from ParserTest
[ RUN      ] ParserTest.NormalToken_FollowedByCloseBrace_NoSpace_Error
Bad transition from TOKEN_TYPE_NORMAL to TOKEN_TYPE_END_BLOCK
[2025-11-05 03:56:59.580430] [0x000079a1f216e740] [warning] Warning, bad transition from TOKEN_TYPE_NORMAL to TOKEN_TYPE_END_BLOCK
[       OK ] ParserTest.NormalToken_FollowedByCloseBrace_NoSpace_Error (0 ms)
[----------] 1 test from ParserTest (0 ms total)

[----------] Global test environment tear-down
[==========] 1 test from 1 test suite ran. (0 ms total)
[  PASSED  ] 1 test.
<end of output>
Test time =   0.01 sec
----------------------------------------------------------
Test Passed.
"ParserTest.NormalToken_FollowedByCloseBrace_NoSpace_Error" end time: Nov 05 03:56 UTC
"ParserTest.NormalToken_FollowedByCloseBrace_NoSpace_Error" time elapsed: 00:00:00
----------------------------------------------------------

30/131 Testing: ParserTest.Comment_TerminatedByCarriageReturn_OK
30/131 Test: ParserTest.Comment_TerminatedByCarriageReturn_OK
Command: "/usr/src/projects/insert-cheesy-bread/build_coverage/bin/config_parser_test" "--gtest_filter=ParserTest.Comment_TerminatedByCarriageReturn_OK" "--gtest_also_run_disabled_tests"
Directory: /usr/src/projects/insert-cheesy-bread/tests
"ParserTest.Comment_TerminatedByCarriageReturn_OK" start time: Nov 05 03:56 UTC
Output:
----------------------------------------------------------
Running main() from /usr/src/googletest/googletest/src/gtest_main.cc
Note: Google Test filter = ParserTest.Comment_TerminatedByCarriageReturn_OK
[==========] Running 1 test from 1 test suite.
[----------] Global test environment set-up.
[----------] 1 test from ParserTest
[ RUN      ] ParserTest.Comment_TerminatedByCarriageReturn_OK
[       OK ] ParserTest.Comment_TerminatedByCarriageReturn_OK (0 ms)
[----------] 1 test from ParserTest (0 ms total)

[----------] Global test environment tear-down
[==========] 1 test from 1 test suite ran. (0 ms total)
[  PASSED  ] 1 test.
<end of output>
Test time =   0.01 sec
----------------------------------------------------------
Test Passed.
"ParserTest.Comment_TerminatedByCarriageReturn_OK" end time: Nov 05 03:56 UTC
"ParserTest.Comment_TerminatedByCarriageReturn_OK" time elapsed: 00:00:00
----------------------------------------------------------

31/131 Testing: ParserTest.NormalToken_FollowedByOpenBrace_NoSpace_OK_NonQuoted
31/131 Test: ParserTest.NormalToken_FollowedByOpenBrace_NoSpace_OK_NonQuoted
Command: "/usr/src/projects/insert-cheesy-bread/build_coverage/bin/config_parser_test" "--gtest_filter=ParserTest.NormalToken_FollowedByOpenBrace_NoSpace_OK_NonQuoted" "--gtest_also_run_disabled_tests"
Directory: /usr/src/projects/insert-cheesy-bread/tests
"ParserTest.NormalToken_FollowedByOpenBrace_NoSpace_OK_NonQuoted" start time: Nov 05 03:56 UTC
Output:
----------------------------------------------------------
Running main() from /usr/src/googletest/googletest/src/gtest_main.cc
Note: Google Test filter = ParserTest.NormalToken_FollowedByOpenBrace_NoSpace_OK_NonQuoted
[==========] Running 1 test from 1 test suite.
[----------] Global test environment set-up.
[----------] 1 test from ParserTest
[ RUN      ] ParserTest.NormalToken_FollowedByOpenBrace_NoSpace_OK_NonQuoted
[       OK ] ParserTest.NormalToken_FollowedByOpenBrace_NoSpace_OK_NonQuoted (0 ms)
[----------] 1 test from ParserTest (0 ms total)

[----------] Global test environment tear-down
[==========] 1 test from 1 test suite ran. (0 ms total)
[  PASSED  ] 1 test.
<end of output>
Test time =   0.01 sec
----------------------------------------------------------
Test Passed.
"ParserTest.NormalToken_FollowedByOpenBrace_NoSpace_OK_NonQuoted" end time: Nov 05 03:56 UTC
"ParserTest.NormalToken_FollowedByOpenBrace_NoSpace_OK_NonQuoted" time elapsed: 00:00:00
----------------------------------------------------------

32/131 Testing: ParserTest.NormalToken_FollowedByCloseBrace_NoSpace_Error_NonQuoted
32/131 Test: ParserTest.NormalToken_FollowedByCloseBrace_NoSpace_Error_NonQuoted
Command: "/usr/src/projects/insert-cheesy-bread/build_coverage/bin/config_parser_test" "--gtest_filter=ParserTest.NormalToken_FollowedByCloseBrace_NoSpace_Error_NonQuoted" "--gtest_also_run_disabled_tests"
Directory: /usr/src/projects/insert-cheesy-bread/tests
"ParserTest.NormalToken_FollowedByCloseBrace_NoSpace_Error_NonQuoted" start time: Nov 05 03:56 UTC
Output:
----------------------------------------------------------
Running main() from /usr/src/googletest/googletest/src/gtest_main.cc
Note: Google Test filter = ParserTest.NormalToken_FollowedByCloseBrace_NoSpace_Error_NonQuoted
[==========] Running 1 test from 1 test suite.
[----------] Global test environment set-up.
[----------] 1 test from ParserTest
[ RUN      ] ParserTest.NormalToken_FollowedByCloseBrace_NoSpace_Error_NonQuoted
Bad transition from TOKEN_TYPE_NORMAL to TOKEN_TYPE_END_BLOCK
[2025-11-05 03:56:59.599802] [0x00007bcf465bd740] [warning] Warning, bad transition from TOKEN_TYPE_NORMAL to TOKEN_TYPE_END_BLOCK
[       OK ] ParserTest.NormalToken_FollowedByCloseBrace_NoSpace_Error_NonQuoted (0 ms)
[----------] 1 test from ParserTest (0 ms total)

[----------] Global test environment tear-down
[==========] 1 test from 1 test suite ran. (0 ms total)
[  PASSED  ] 1 test.
<end of output>
Test time =   0.01 sec
----------------------------------------------------------
Test Passed.
"ParserTest.NormalToken_FollowedByCloseBrace_NoSpace_Error_NonQuoted" end time: Nov 05 03:56 UTC
"ParserTest.NormalToken_FollowedByCloseBrace_NoSpace_Error_NonQuoted" time elapsed: 00:00:00
----------------------------------------------------------

33/131 Testing: ParserTest.Error_StartBlockImmediatelyAfterEndBlock_IsInvalid
33/131 Test: ParserTest.Error_StartBlockImmediatelyAfterEndBlock_IsInvalid
Command: "/usr/src/projects/insert-cheesy-bread/build_coverage/bin/config_parser_test" "--gtest_filter=ParserTest.Error_StartBlockImmediatelyAfterEndBlock_IsInvalid" "--gtest_also_run_disabled_tests"
Directory: /usr/src/projects/insert-cheesy-bread/tests
"ParserTest.Error_StartBlockImmediatelyAfterEndBlock_IsInvalid" start time: Nov 05 03:56 UTC
Output:
----------------------------------------------------------
Running main() from /usr/src/googletest/googletest/src/gtest_main.cc
Note: Google Test filter = ParserTest.Error_StartBlockImmediatelyAfterEndBlock_IsInvalid
[==========] Running 1 test from 1 test suite.
[----------] Global test environment set-up.
[----------] 1 test from ParserTest
[ RUN      ] ParserTest.Error_StartBlockImmediatelyAfterEndBlock_IsInvalid
Bad transition from TOKEN_TYPE_START to TOKEN_TYPE_START_BLOCK
[2025-11-05 03:56:59.607470] [0x000079521ab72740] [warning] Warning, bad transition from TOKEN_TYPE_START to TOKEN_TYPE_START_BLOCK
[       OK ] ParserTest.Error_StartBlockImmediatelyAfterEndBlock_IsInvalid (0 ms)
[----------] 1 test from ParserTest (0 ms total)

[----------] Global test environment tear-down
[==========] 1 test from 1 test suite ran. (0 ms total)
[  PASSED  ] 1 test.
<end of output>
Test time =   0.01 sec
----------------------------------------------------------
Test Passed.
"ParserTest.Error_StartBlockImmediatelyAfterEndBlock_IsInvalid" end time: Nov 05 03:56 UTC
"ParserTest.Error_StartBlockImmediatelyAfterEndBlock_IsInvalid" time elapsed: 00:00:00
----------------------------------------------------------

34/131 Testing: ParserTest.ToString_NestedPrintedAtDepthTwo
34/131 Test: ParserTest.ToString_NestedPrintedAtDepthTwo
Command: "/usr/src/projects/insert-cheesy-bread/build_coverage/bin/config_parser_test" "--gtest_filter=ParserTest.ToString_NestedPrintedAtDepthTwo" "--gtest_also_run_disabled_tests"
Directory: /usr/src/projects/insert-cheesy-bread/tests
"ParserTest.ToString_NestedPrintedAtDepthTwo" start time: Nov 05 03:56 UTC
Output:
----------------------------------------------------------
Running main() from /usr/src/googletest/googletest/src/gtest_main.cc
Note: Google Test filter = ParserTest.ToString_NestedPrintedAtDepthTwo
[==========] Running 1 test from 1 test suite.
[----------] Global test environment set-up.
[----------] 1 test from ParserTest
[ RUN      ] ParserTest.ToString_NestedPrintedAtDepthTwo
[       OK ] ParserTest.ToString_NestedPrintedAtDepthTwo (0 ms)
[----------] 1 test from ParserTest (0 ms total)

[----------] Global test environment tear-down
[==========] 1 test from 1 test suite ran. (0 ms total)
[  PASSED  ] 1 test.
<end of output>
Test time =   0.00 sec
----------------------------------------------------------
Test Passed.
"ParserTest.ToString_NestedPrintedAtDepthTwo" end time: Nov 05 03:56 UTC
"ParserTest.ToString_NestedPrintedAtDepthTwo" time elapsed: 00:00:00
----------------------------------------------------------

35/131 Testing: ParserTest.EndBlockFollowedByNormal
35/131 Test: ParserTest.EndBlockFollowedByNormal
Command: "/usr/src/projects/insert-cheesy-bread/build_coverage/bin/config_parser_test" "--gtest_filter=ParserTest.EndBlockFollowedByNormal" "--gtest_also_run_disabled_tests"
Directory: /usr/src/projects/insert-cheesy-bread/tests
"ParserTest.EndBlockFollowedByNormal" start time: Nov 05 03:56 UTC
Output:
----------------------------------------------------------
Running main() from /usr/src/googletest/googletest/src/gtest_main.cc
Note: Google Test filter = ParserTest.EndBlockFollowedByNormal
[==========] Running 1 test from 1 test suite.
[----------] Global test environment set-up.
[----------] 1 test from ParserTest
[ RUN      ] ParserTest.EndBlockFollowedByNormal
[       OK ] ParserTest.EndBlockFollowedByNormal (0 ms)
[----------] 1 test from ParserTest (0 ms total)

[----------] Global test environment tear-down
[==========] 1 test from 1 test suite ran. (0 ms total)
[  PASSED  ] 1 test.
<end of output>
Test time =   0.01 sec
----------------------------------------------------------
Test Passed.
"ParserTest.EndBlockFollowedByNormal" end time: Nov 05 03:56 UTC
"ParserTest.EndBlockFollowedByNormal" time elapsed: 00:00:00
----------------------------------------------------------

36/131 Testing: ParserTest.MultipleNormalTokens
36/131 Test: ParserTest.MultipleNormalTokens
Command: "/usr/src/projects/insert-cheesy-bread/build_coverage/bin/config_parser_test" "--gtest_filter=ParserTest.MultipleNormalTokens" "--gtest_also_run_disabled_tests"
Directory: /usr/src/projects/insert-cheesy-bread/tests
"ParserTest.MultipleNormalTokens" start time: Nov 05 03:56 UTC
Output:
----------------------------------------------------------
Running main() from /usr/src/googletest/googletest/src/gtest_main.cc
Note: Google Test filter = ParserTest.MultipleNormalTokens
[==========] Running 1 test from 1 test suite.
[----------] Global test environment set-up.
[----------] 1 test from ParserTest
[ RUN      ] ParserTest.MultipleNormalTokens
[       OK ] ParserTest.MultipleNormalTokens (0 ms)
[----------] 1 test from ParserTest (0 ms total)

[----------] Global test environment tear-down
[==========] 1 test from 1 test suite ran. (0 ms total)
[  PASSED  ] 1 test.
<end of output>
Test time =   0.01 sec
----------------------------------------------------------
Test Passed.
"ParserTest.MultipleNormalTokens" end time: Nov 05 03:56 UTC
"ParserTest.MultipleNormalTokens" time elapsed: 00:00:00
----------------------------------------------------------

37/131 Testing: ParserTest.ManyConsecutiveNormalTokens
37/131 Test: ParserTest.ManyConsecutiveNormalTokens
Command: "/usr/src/projects/insert-cheesy-bread/build_coverage/bin/config_parser_test" "--gtest_filter=ParserTest.ManyConsecutiveNormalTokens" "--gtest_also_run_disabled_tests"
Directory: /usr/src/projects/insert-cheesy-bread/tests
"ParserTest.ManyConsecutiveNormalTokens" start time: Nov 05 03:56 UTC
Output:
----------------------------------------------------------
Running main() from /usr/src/googletest/googletest/src/gtest_main.cc
Note: Google Test filter = ParserTest.ManyConsecutiveNormalTokens
[==========] Running 1 test from 1 test suite.
[----------] Global test environment set-up.
[----------] 1 test from ParserTest
[ RUN      ] ParserTest.ManyConsecutiveNormalTokens
[       OK ] ParserTest.ManyConsecutiveNormalTokens (0 ms)
[----------] 1 test from ParserTest (0 ms total)

[----------] Global test environment tear-down
[==========] 1 test from 1 test suite ran. (0 ms total)
[  PASSED  ] 1 test.
<end of output>
Test time =   0.01 sec
----------------------------------------------------------
Test Passed.
"ParserTest.ManyConsecutiveNormalTokens" end time: Nov 05 03:56 UTC
"ParserTest.ManyConsecutiveNormalTokens" time elapsed: 00:00:00
----------------------------------------------------------

38/131 Testing: ParserTest.QuotedStringFollowedBySemicolon
38/131 Test: ParserTest.QuotedStringFollowedBySemicolon
Command: "/usr/src/projects/insert-cheesy-bread/build_coverage/bin/config_parser_test" "--gtest_filter=ParserTest.QuotedStringFollowedBySemicolon" "--gtest_also_run_disabled_tests"
Directory: /usr/src/projects/insert-cheesy-bread/tests
"ParserTest.QuotedStringFollowedBySemicolon" start time: Nov 05 03:56 UTC
Output:
----------------------------------------------------------
Running main() from /usr/src/googletest/googletest/src/gtest_main.cc
Note: Google Test filter = ParserTest.QuotedStringFollowedBySemicolon
[==========] Running 1 test from 1 test suite.
[----------] Global test environment set-up.
[----------] 1 test from ParserTest
[ RUN      ] ParserTest.QuotedStringFollowedBySemicolon
[       OK ] ParserTest.QuotedStringFollowedBySemicolon (0 ms)
[----------] 1 test from ParserTest (0 ms total)

[----------] Global test environment tear-down
[==========] 1 test from 1 test suite ran. (0 ms total)
[  PASSED  ] 1 test.
<end of output>
Test time =   0.01 sec
----------------------------------------------------------
Test Passed.
"ParserTest.QuotedStringFollowedBySemicolon" end time: Nov 05 03:56 UTC
"ParserTest.QuotedStringFollowedBySemicolon" time elapsed: 00:00:00
----------------------------------------------------------

39/131 Testing: ParserTest.QuotedStringFollowedByBlock
39/131 Test: ParserTest.QuotedStringFollowedByBlock
Command: "/usr/src/projects/insert-cheesy-bread/build_coverage/bin/config_parser_test" "--gtest_filter=ParserTest.QuotedStringFollowedByBlock" "--gtest_also_run_disabled_tests"
Directory: /usr/src/projects/insert-cheesy-bread/tests
"ParserTest.QuotedStringFollowedByBlock" start time: Nov 05 03:56 UTC
Output:
----------------------------------------------------------
Running main() from /usr/src/googletest/googletest/src/gtest_main.cc
Note: Google Test filter = ParserTest.QuotedStringFollowedByBlock
[==========] Running 1 test from 1 test suite.
[----------] Global test environment set-up.
[----------] 1 test from ParserTest
[ RUN      ] ParserTest.QuotedStringFollowedByBlock
[       OK ] ParserTest.QuotedStringFollowedByBlock (0 ms)
[----------] 1 test from ParserTest (0 ms total)

[----------] Global test environment tear-down
[==========] 1 test from 1 test suite ran. (0 ms total)
[  PASSED  ] 1 test.
<end of output>
Test time =   0.01 sec
----------------------------------------------------------
Test Passed.
"ParserTest.QuotedStringFollowedByBlock" end time: Nov 05 03:56 UTC
"ParserTest.QuotedStringFollowedByBlock" time elapsed: 00:00:00
----------------------------------------------------------

40/131 Testing: ParserTest.SingleQuotedStringFollowedBySemicolon
40/131 Test: ParserTest.SingleQuotedStringFollowedBySemicolon
Command: "/usr/src/projects/insert-cheesy-bread/build_coverage/bin/config_parser_test" "--gtest_filter=ParserTest.SingleQuotedStringFollowedBySemicolon" "--gtest_also_run_disabled_tests"
Directory: /usr/src/projects/insert-cheesy-bread/tests
"ParserTest.SingleQuotedStringFollowedBySemicolon" start time: Nov 05 03:56 UTC
Output:
----------------------------------------------------------
Running main() from /usr/src/googletest/googletest/src/gtest_main.cc
Note: Google Test filter = ParserTest.SingleQuotedStringFollowedBySemicolon
[==========] Running 1 test from 1 test suite.
[----------] Global test environment set-up.
[----------] 1 test from ParserTest
[ RUN      ] ParserTest.SingleQuotedStringFollowedBySemicolon
[       OK ] ParserTest.SingleQuotedStringFollowedBySemicolon (0 ms)
[----------] 1 test from ParserTest (0 ms total)

[----------] Global test environment tear-down
[==========] 1 test from 1 test suite ran. (0 ms total)
[  PASSED  ] 1 test.
<end of output>
Test time =   0.01 sec
----------------------------------------------------------
Test Passed.
"ParserTest.SingleQuotedStringFollowedBySemicolon" end time: Nov 05 03:56 UTC
"ParserTest.SingleQuotedStringFollowedBySemicolon" time elapsed: 00:00:00
----------------------------------------------------------

41/131 Testing: ParserTest.SingleQuotedStringFollowedByBlock
41/131 Test: ParserTest.SingleQuotedStringFollowedByBlock
Command: "/usr/src/projects/insert-cheesy-bread/build_coverage/bin/config_parser_test" "--gtest_filter=ParserTest.SingleQuotedStringFollowedByBlock" "--gtest_also_run_disabled_tests"
Directory: /usr/src/projects/insert-cheesy-bread/tests
"ParserTest.SingleQuotedStringFollowedByBlock" start time: Nov 05 03:56 UTC
Output:
----------------------------------------------------------
Running main() from /usr/src/googletest/googletest/src/gtest_main.cc
Note: Google Test filter = ParserTest.SingleQuotedStringFollowedByBlock
[==========] Running 1 test from 1 test suite.
[----------] Global test environment set-up.
[----------] 1 test from ParserTest
[ RUN      ] ParserTest.SingleQuotedStringFollowedByBlock
[       OK ] ParserTest.SingleQuotedStringFollowedByBlock (0 ms)
[----------] 1 test from ParserTest (0 ms total)

[----------] Global test environment tear-down
[==========] 1 test from 1 test suite ran. (0 ms total)
[  PASSED  ] 1 test.
<end of output>
Test time =   0.01 sec
----------------------------------------------------------
Test Passed.
"ParserTest.SingleQuotedStringFollowedByBlock" end time: Nov 05 03:56 UTC
"ParserTest.SingleQuotedStringFollowedByBlock" time elapsed: 00:00:00
----------------------------------------------------------

42/131 Testing: ParserTest.EndBlockFollowedByEndBlock
42/131 Test: ParserTest.EndBlockFollowedByEndBlock
Command: "/usr/src/projects/insert-cheesy-bread/build_coverage/bin/config_parser_test" "--gtest_filter=ParserTest.EndBlockFollowedByEndBlock" "--gtest_also_run_disabled_tests"
Directory: /usr/src/projects/insert-cheesy-bread/tests
"ParserTest.EndBlockFollowedByEndBlock" start time: Nov 05 03:56 UTC
Output:
----------------------------------------------------------
Running main() from /usr/src/googletest/googletest/src/gtest_main.cc
Note: Google Test filter = ParserTest.EndBlockFollowedByEndBlock
[==========] Running 1 test from 1 test suite.
[----------] Global test environment set-up.
[----------] 1 test from ParserTest
[ RUN      ] ParserTest.EndBlockFollowedByEndBlock
[       OK ] ParserTest.EndBlockFollowedByEndBlock (0 ms)
[----------] 1 test from ParserTest (0 ms total)

[----------] Global test environment tear-down
[==========] 1 test from 1 test suite ran. (0 ms total)
[  PASSED  ] 1 test.
<end of output>
Test time =   0.01 sec
----------------------------------------------------------
Test Passed.
"ParserTest.EndBlockFollowedByEndBlock" end time: Nov 05 03:56 UTC
"ParserTest.EndBlockFollowedByEndBlock" time elapsed: 00:00:00
----------------------------------------------------------

43/131 Testing: ParserTest.VeryManyTokensInStatement
43/131 Test: ParserTest.VeryManyTokensInStatement
Command: "/usr/src/projects/insert-cheesy-bread/build_coverage/bin/config_parser_test" "--gtest_filter=ParserTest.VeryManyTokensInStatement" "--gtest_also_run_disabled_tests"
Directory: /usr/src/projects/insert-cheesy-bread/tests
"ParserTest.VeryManyTokensInStatement" start time: Nov 05 03:56 UTC
Output:
----------------------------------------------------------
Running main() from /usr/src/googletest/googletest/src/gtest_main.cc
Note: Google Test filter = ParserTest.VeryManyTokensInStatement
[==========] Running 1 test from 1 test suite.
[----------] Global test environment set-up.
[----------] 1 test from ParserTest
[ RUN      ] ParserTest.VeryManyTokensInStatement
[       OK ] ParserTest.VeryManyTokensInStatement (0 ms)
[----------] 1 test from ParserTest (0 ms total)

[----------] Global test environment tear-down
[==========] 1 test from 1 test suite ran. (0 ms total)
[  PASSED  ] 1 test.
<end of output>
Test time =   0.01 sec
----------------------------------------------------------
Test Passed.
"ParserTest.VeryManyTokensInStatement" end time: Nov 05 03:56 UTC
"ParserTest.VeryManyTokensInStatement" time elapsed: 00:00:00
----------------------------------------------------------

44/131 Testing: ParserTest.ThreeLevelNesting
44/131 Test: ParserTest.ThreeLevelNesting
Command: "/usr/src/projects/insert-cheesy-bread/build_coverage/bin/config_parser_test" "--gtest_filter=ParserTest.ThreeLevelNesting" "--gtest_also_run_disabled_tests"
Directory: /usr/src/projects/insert-cheesy-bread/tests
"ParserTest.ThreeLevelNesting" start time: Nov 05 03:56 UTC
Output:
----------------------------------------------------------
Running main() from /usr/src/googletest/googletest/src/gtest_main.cc
Note: Google Test filter = ParserTest.ThreeLevelNesting
[==========] Running 1 test from 1 test suite.
[----------] Global test environment set-up.
[----------] 1 test from ParserTest
[ RUN      ] ParserTest.ThreeLevelNesting
[       OK ] ParserTest.ThreeLevelNesting (0 ms)
[----------] 1 test from ParserTest (0 ms total)

[----------] Global test environment tear-down
[==========] 1 test from 1 test suite ran. (0 ms total)
[  PASSED  ] 1 test.
<end of output>
Test time =   0.01 sec
----------------------------------------------------------
Test Passed.
"ParserTest.ThreeLevelNesting" end time: Nov 05 03:56 UTC
"ParserTest.ThreeLevelNesting" time elapsed: 00:00:00
----------------------------------------------------------

45/131 Testing: TokenTypeAsStringTest.CommentType
45/131 Test: TokenTypeAsStringTest.CommentType
Command: "/usr/src/projects/insert-cheesy-bread/build_coverage/bin/config_parser_test" "--gtest_filter=TokenTypeAsStringTest.CommentType" "--gtest_also_run_disabled_tests"
Directory: /usr/src/projects/insert-cheesy-bread/tests
"TokenTypeAsStringTest.CommentType" start time: Nov 05 03:56 UTC
Output:
----------------------------------------------------------
Running main() from /usr/src/googletest/googletest/src/gtest_main.cc
Note: Google Test filter = TokenTypeAsStringTest.CommentType
[==========] Running 1 test from 1 test suite.
[----------] Global test environment set-up.
[----------] 1 test from TokenTypeAsStringTest
[ RUN      ] TokenTypeAsStringTest.CommentType
[       OK ] TokenTypeAsStringTest.CommentType (0 ms)
[----------] 1 test from TokenTypeAsStringTest (0 ms total)

[----------] Global test environment tear-down
[==========] 1 test from 1 test suite ran. (0 ms total)
[  PASSED  ] 1 test.
<end of output>
Test time =   0.01 sec
----------------------------------------------------------
Test Passed.
"TokenTypeAsStringTest.CommentType" end time: Nov 05 03:56 UTC
"TokenTypeAsStringTest.CommentType" time elapsed: 00:00:00
----------------------------------------------------------

46/131 Testing: TokenTypeAsStringTest.QuotedStringType
46/131 Test: TokenTypeAsStringTest.QuotedStringType
Command: "/usr/src/projects/insert-cheesy-bread/build_coverage/bin/config_parser_test" "--gtest_filter=TokenTypeAsStringTest.QuotedStringType" "--gtest_also_run_disabled_tests"
Directory: /usr/src/projects/insert-cheesy-bread/tests
"TokenTypeAsStringTest.QuotedStringType" start time: Nov 05 03:56 UTC
Output:
----------------------------------------------------------
Running main() from /usr/src/googletest/googletest/src/gtest_main.cc
Note: Google Test filter = TokenTypeAsStringTest.QuotedStringType
[==========] Running 1 test from 1 test suite.
[----------] Global test environment set-up.
[----------] 1 test from TokenTypeAsStringTest
[ RUN      ] TokenTypeAsStringTest.QuotedStringType
[       OK ] TokenTypeAsStringTest.QuotedStringType (0 ms)
[----------] 1 test from TokenTypeAsStringTest (0 ms total)

[----------] Global test environment tear-down
[==========] 1 test from 1 test suite ran. (0 ms total)
[  PASSED  ] 1 test.
<end of output>
Test time =   0.01 sec
----------------------------------------------------------
Test Passed.
"TokenTypeAsStringTest.QuotedStringType" end time: Nov 05 03:56 UTC
"TokenTypeAsStringTest.QuotedStringType" time elapsed: 00:00:00
----------------------------------------------------------

47/131 Testing: TokenTypeAsStringTest.InvalidType
47/131 Test: TokenTypeAsStringTest.InvalidType
Command: "/usr/src/projects/insert-cheesy-bread/build_coverage/bin/config_parser_test" "--gtest_filter=TokenTypeAsStringTest.InvalidType" "--gtest_also_run_disabled_tests"
Directory: /usr/src/projects/insert-cheesy-bread/tests
"TokenTypeAsStringTest.InvalidType" start time: Nov 05 03:56 UTC
Output:
----------------------------------------------------------
Running main() from /usr/src/googletest/googletest/src/gtest_main.cc
Note: Google Test filter = TokenTypeAsStringTest.InvalidType
[==========] Running 1 test from 1 test suite.
[----------] Global test environment set-up.
[----------] 1 test from TokenTypeAsStringTest
[ RUN      ] TokenTypeAsStringTest.InvalidType
[       OK ] TokenTypeAsStringTest.InvalidType (0 ms)
[----------] 1 test from TokenTypeAsStringTest (0 ms total)

[----------] Global test environment tear-down
[==========] 1 test from 1 test suite ran. (0 ms total)
[  PASSED  ] 1 test.
<end of output>
Test time =   0.00 sec
----------------------------------------------------------
Test Passed.
"TokenTypeAsStringTest.InvalidType" end time: Nov 05 03:56 UTC
"TokenTypeAsStringTest.InvalidType" time elapsed: 00:00:00
----------------------------------------------------------

48/131 Testing: SessionTest.CompleteRequest
48/131 Test: SessionTest.CompleteRequest
Command: "/usr/src/projects/insert-cheesy-bread/build_coverage/bin/session_test" "--gtest_filter=SessionTest.CompleteRequest" "--gtest_also_run_disabled_tests"
Directory: /usr/src/projects/insert-cheesy-bread/build_coverage
"SessionTest.CompleteRequest" start time: Nov 05 03:56 UTC
Output:
----------------------------------------------------------
Running main() from /usr/src/googletest/googletest/src/gtest_main.cc
Note: Google Test filter = SessionTest.CompleteRequest
[==========] Running 1 test from 1 test suite.
[----------] Global test environment set-up.
[----------] 1 test from SessionTest
[ RUN      ] SessionTest.CompleteRequest
[2025-11-05 03:56:59.704729] [0x00007aad43d8f740] [info]    Initializing request dispatcher from server config
[2025-11-05 03:56:59.704777] [0x00007aad43d8f740] [info]    Initialized handler 'echo' for location: /
[2025-11-05 03:56:59.704794] [0x00007aad43d8f740] [info]    Dispatcher initialized with 1 handlers
[2025-11-05 03:56:59.705010] [0x00007aad43d8f740] [info]    Starting session from 127.0.0.1:44584
[2025-11-05 03:56:59.705250] [0x00007aad43d8e6c0] [info]    Request from 127.0.0.1:44584 is GET / HTTP/1.1
Host: localhost


[2025-11-05 03:56:59.705270] [0x00007aad43d8e6c0] [info]    Request contains 35 bytes
[2025-11-05 03:56:59.705301] [0x00007aad43d8e6c0] [info]    Processing request for URL: /
[2025-11-05 03:56:59.705388] [0x00007aad43d8e6c0] [info]    Client 127.0.0.1:44584 disconnected
[       OK ] SessionTest.CompleteRequest (1 ms)
[----------] 1 test from SessionTest (1 ms total)

[----------] Global test environment tear-down
[==========] 1 test from 1 test suite ran. (1 ms total)
[  PASSED  ] 1 test.
<end of output>
Test time =   0.01 sec
----------------------------------------------------------
Test Passed.
"SessionTest.CompleteRequest" end time: Nov 05 03:56 UTC
"SessionTest.CompleteRequest" time elapsed: 00:00:00
----------------------------------------------------------

49/131 Testing: SessionTest.ErrorHandling
49/131 Test: SessionTest.ErrorHandling
Command: "/usr/src/projects/insert-cheesy-bread/build_coverage/bin/session_test" "--gtest_filter=SessionTest.ErrorHandling" "--gtest_also_run_disabled_tests"
Directory: /usr/src/projects/insert-cheesy-bread/build_coverage
"SessionTest.ErrorHandling" start time: Nov 05 03:56 UTC
Output:
----------------------------------------------------------
Running main() from /usr/src/googletest/googletest/src/gtest_main.cc
Note: Google Test filter = SessionTest.ErrorHandling
[==========] Running 1 test from 1 test suite.
[----------] Global test environment set-up.
[----------] 1 test from SessionTest
[ RUN      ] SessionTest.ErrorHandling
[2025-11-05 03:56:59.713821] [0x000079ac9bd27740] [info]    Initializing request dispatcher from server config
[2025-11-05 03:56:59.713868] [0x000079ac9bd27740] [info]    Initialized handler 'echo' for location: /
[2025-11-05 03:56:59.713884] [0x000079ac9bd27740] [info]    Dispatcher initialized with 1 handlers
[2025-11-05 03:56:59.714096] [0x000079ac9bd27740] [info]    Starting session from 127.0.0.1:54616
[2025-11-05 03:56:59.714213] [0x000079ac9bd27740] [info]    Client 127.0.0.1:54616 disconnected
[       OK ] SessionTest.ErrorHandling (0 ms)
[----------] 1 test from SessionTest (0 ms total)

[----------] Global test environment tear-down
[==========] 1 test from 1 test suite ran. (0 ms total)
[  PASSED  ] 1 test.
<end of output>
Test time =   0.01 sec
----------------------------------------------------------
Test Passed.
"SessionTest.ErrorHandling" end time: Nov 05 03:56 UTC
"SessionTest.ErrorHandling" time elapsed: 00:00:00
----------------------------------------------------------

50/131 Testing: SessionTest.IncompleteRequestHandling
50/131 Test: SessionTest.IncompleteRequestHandling
Command: "/usr/src/projects/insert-cheesy-bread/build_coverage/bin/session_test" "--gtest_filter=SessionTest.IncompleteRequestHandling" "--gtest_also_run_disabled_tests"
Directory: /usr/src/projects/insert-cheesy-bread/build_coverage
"SessionTest.IncompleteRequestHandling" start time: Nov 05 03:56 UTC
Output:
----------------------------------------------------------
Running main() from /usr/src/googletest/googletest/src/gtest_main.cc
Note: Google Test filter = SessionTest.IncompleteRequestHandling
[==========] Running 1 test from 1 test suite.
[----------] Global test environment set-up.
[----------] 1 test from SessionTest
[ RUN      ] SessionTest.IncompleteRequestHandling
[2025-11-05 03:56:59.721923] [0x00007d9f283cf740] [info]    Initializing request dispatcher from server config
[2025-11-05 03:56:59.721968] [0x00007d9f283cf740] [info]    Initialized handler 'echo' for location: /
[2025-11-05 03:56:59.721985] [0x00007d9f283cf740] [info]    Dispatcher initialized with 1 handlers
[2025-11-05 03:56:59.722201] [0x00007d9f283cf740] [info]    Starting session from 127.0.0.1:51562
[2025-11-05 03:56:59.722536] [0x00007d9f283ce6c0] [info]    Request from 127.0.0.1:51562 is GET / HTTP/1.1
Host: localhost


[2025-11-05 03:56:59.722557] [0x00007d9f283ce6c0] [info]    Request contains 35 bytes
[2025-11-05 03:56:59.722598] [0x00007d9f283ce6c0] [info]    Processing request for URL: /
[2025-11-05 03:56:59.722749] [0x00007d9f283ce6c0] [info]    Client 127.0.0.1:51562 disconnected
[       OK ] SessionTest.IncompleteRequestHandling (1 ms)
[----------] 1 test from SessionTest (1 ms total)

[----------] Global test environment tear-down
[==========] 1 test from 1 test suite ran. (1 ms total)
[  PASSED  ] 1 test.
<end of output>
Test time =   0.01 sec
----------------------------------------------------------
Test Passed.
"SessionTest.IncompleteRequestHandling" end time: Nov 05 03:56 UTC
"SessionTest.IncompleteRequestHandling" time elapsed: 00:00:00
----------------------------------------------------------

51/131 Testing: SessionTest.EarlyClientDisconnect
51/131 Test: SessionTest.EarlyClientDisconnect
Command: "/usr/src/projects/insert-cheesy-bread/build_coverage/bin/session_test" "--gtest_filter=SessionTest.EarlyClientDisconnect" "--gtest_also_run_disabled_tests"
Directory: /usr/src/projects/insert-cheesy-bread/build_coverage
"SessionTest.EarlyClientDisconnect" start time: Nov 05 03:56 UTC
Output:
----------------------------------------------------------
Running main() from /usr/src/googletest/googletest/src/gtest_main.cc
Note: Google Test filter = SessionTest.EarlyClientDisconnect
[==========] Running 1 test from 1 test suite.
[----------] Global test environment set-up.
[----------] 1 test from SessionTest
[ RUN      ] SessionTest.EarlyClientDisconnect
[2025-11-05 03:56:59.730748] [0x00007f61ed37f740] [info]    Initializing request dispatcher from server config
[2025-11-05 03:56:59.730793] [0x00007f61ed37f740] [info]    Initialized handler 'echo' for location: /
[2025-11-05 03:56:59.730804] [0x00007f61ed37f740] [info]    Dispatcher initialized with 1 handlers
[2025-11-05 03:56:59.731007] [0x00007f61ed37f740] [info]    Starting session from 127.0.0.1:57498
[2025-11-05 03:56:59.731112] [0x00007f61ed37f740] [info]    Client 127.0.0.1:57498 disconnected
[       OK ] SessionTest.EarlyClientDisconnect (0 ms)
[----------] 1 test from SessionTest (0 ms total)

[----------] Global test environment tear-down
[==========] 1 test from 1 test suite ran. (0 ms total)
[  PASSED  ] 1 test.
<end of output>
Test time =   0.01 sec
----------------------------------------------------------
Test Passed.
"SessionTest.EarlyClientDisconnect" end time: Nov 05 03:56 UTC
"SessionTest.EarlyClientDisconnect" time elapsed: 00:00:00
----------------------------------------------------------

52/131 Testing: SessionTest.MultipleRequests
52/131 Test: SessionTest.MultipleRequests
Command: "/usr/src/projects/insert-cheesy-bread/build_coverage/bin/session_test" "--gtest_filter=SessionTest.MultipleRequests" "--gtest_also_run_disabled_tests"
Directory: /usr/src/projects/insert-cheesy-bread/build_coverage
"SessionTest.MultipleRequests" start time: Nov 05 03:56 UTC
Output:
----------------------------------------------------------
Running main() from /usr/src/googletest/googletest/src/gtest_main.cc
Note: Google Test filter = SessionTest.MultipleRequests
[==========] Running 1 test from 1 test suite.
[----------] Global test environment set-up.
[----------] 1 test from SessionTest
[ RUN      ] SessionTest.MultipleRequests
[2025-11-05 03:56:59.737896] [0x00007a72333de740] [info]    Initializing request dispatcher from server config
[2025-11-05 03:56:59.737939] [0x00007a72333de740] [info]    Initialized handler 'echo' for location: /
[2025-11-05 03:56:59.737953] [0x00007a72333de740] [info]    Dispatcher initialized with 1 handlers
[2025-11-05 03:56:59.738155] [0x00007a72333de740] [info]    Starting session from 127.0.0.1:51140
[2025-11-05 03:56:59.738392] [0x00007a72333dd6c0] [info]    Request from 127.0.0.1:51140 is GET /1 HTTP/1.1
Host: localhost


[2025-11-05 03:56:59.738412] [0x00007a72333dd6c0] [info]    Request contains 36 bytes
[2025-11-05 03:56:59.738441] [0x00007a72333dd6c0] [info]    Processing request for URL: /1
[2025-11-05 03:56:59.738544] [0x00007a72333dd6c0] [info]    Request from 127.0.0.1:51140 is GET /1 HTTP/1.1
Host: localhost

GET /2 HTTP/1.1
Host: localhost


[2025-11-05 03:56:59.738557] [0x00007a72333dd6c0] [info]    Request contains 72 bytes
[2025-11-05 03:56:59.738582] [0x00007a72333dd6c0] [info]    Processing request for URL: /1
[2025-11-05 03:56:59.738651] [0x00007a72333dd6c0] [info]    Client 127.0.0.1:51140 disconnected
[       OK ] SessionTest.MultipleRequests (1 ms)
[----------] 1 test from SessionTest (1 ms total)

[----------] Global test environment tear-down
[==========] 1 test from 1 test suite ran. (1 ms total)
[  PASSED  ] 1 test.
<end of output>
Test time =   0.01 sec
----------------------------------------------------------
Test Passed.
"SessionTest.MultipleRequests" end time: Nov 05 03:56 UTC
"SessionTest.MultipleRequests" time elapsed: 00:00:00
----------------------------------------------------------

53/131 Testing: SessionTest.LargeRequest
53/131 Test: SessionTest.LargeRequest
Command: "/usr/src/projects/insert-cheesy-bread/build_coverage/bin/session_test" "--gtest_filter=SessionTest.LargeRequest" "--gtest_also_run_disabled_tests"
Directory: /usr/src/projects/insert-cheesy-bread/build_coverage
"SessionTest.LargeRequest" start time: Nov 05 03:56 UTC
Output:
----------------------------------------------------------
Running main() from /usr/src/googletest/googletest/src/gtest_main.cc
Note: Google Test filter = SessionTest.LargeRequest
[==========] Running 1 test from 1 test suite.
[----------] Global test environment set-up.
[----------] 1 test from SessionTest
[ RUN      ] SessionTest.LargeRequest
[2025-11-05 03:56:59.747924] [0x000079b07b24b740] [info]    Initializing request dispatcher from server config
[2025-11-05 03:56:59.747970] [0x000079b07b24b740] [info]    Initialized handler 'echo' for location: /
[2025-11-05 03:56:59.747982] [0x000079b07b24b740] [info]    Dispatcher initialized with 1 handlers
[...]
Directory: /usr/src/projects/insert-cheesy-bread/tests
"RequestDispatcherTest.InitWithFileHandlerWithRoot" start time: Nov 05 03:57 UTC
Output:
----------------------------------------------------------
Running main() from /usr/src/googletest/googletest/src/gtest_main.cc
Note: Google Test filter = RequestDispatcherTest.InitWithFileHandlerWithRoot
[==========] Running 1 test from 1 test suite.
[----------] Global test environment set-up.
[----------] 1 test from RequestDispatcherTest
[ RUN      ] RequestDispatcherTest.InitWithFileHandlerWithRoot
[2025-11-05 03:57:00.231670] [0x00007ebb41349740] [info]    Initializing request dispatcher from server config
[2025-11-05 03:57:00.231709] [0x00007ebb41349740] [info]    Initialized handler 'file (root: /www)' for location: /static
[2025-11-05 03:57:00.231720] [0x00007ebb41349740] [info]    Dispatcher initialized with 1 handlers
[       OK ] RequestDispatcherTest.InitWithFileHandlerWithRoot (0 ms)
[----------] 1 test from RequestDispatcherTest (0 ms total)

[----------] Global test environment tear-down
[==========] 1 test from 1 test suite ran. (0 ms total)
[  PASSED  ] 1 test.
<end of output>
Test time =   0.01 sec
----------------------------------------------------------
Test Passed.
"RequestDispatcherTest.InitWithFileHandlerWithRoot" end time: Nov 05 03:57 UTC
"RequestDispatcherTest.InitWithFileHandlerWithRoot" time elapsed: 00:00:00
----------------------------------------------------------

127/131 Testing: RequestDispatcherTest.FindBestMatchNoMatch
127/131 Test: RequestDispatcherTest.FindBestMatchNoMatch
Command: "/usr/src/projects/insert-cheesy-bread/build_coverage/bin/request_dispatcher_test" "--gtest_filter=RequestDispatcherTest.FindBestMatchNoMatch" "--gtest_also_run_disabled_tests"
Directory: /usr/src/projects/insert-cheesy-bread/tests
"RequestDispatcherTest.FindBestMatchNoMatch" start time: Nov 05 03:57 UTC
Output:
----------------------------------------------------------
Running main() from /usr/src/googletest/googletest/src/gtest_main.cc
Note: Google Test filter = RequestDispatcherTest.FindBestMatchNoMatch
[==========] Running 1 test from 1 test suite.
[----------] Global test environment set-up.
[----------] 1 test from RequestDispatcherTest
[ RUN      ] RequestDispatcherTest.FindBestMatchNoMatch
[2025-11-05 03:57:00.237879] [0x00007fad3f90d740] [info]    Initializing request dispatcher from server config
[2025-11-05 03:57:00.237914] [0x00007fad3f90d740] [info]    Initialized handler 'echo' for location: /echo
[2025-11-05 03:57:00.237925] [0x00007fad3f90d740] [info]    Dispatcher initialized with 1 handlers
[2025-11-05 03:57:00.237934] [0x00007fad3f90d740] [warning] No handler found for URL: /unmatched/path
[       OK ] RequestDispatcherTest.FindBestMatchNoMatch (0 ms)
[----------] 1 test from RequestDispatcherTest (0 ms total)

[----------] Global test environment tear-down
[==========] 1 test from 1 test suite ran. (0 ms total)
[  PASSED  ] 1 test.
<end of output>
Test time =   0.01 sec
----------------------------------------------------------
Test Passed.
"RequestDispatcherTest.FindBestMatchNoMatch" end time: Nov 05 03:57 UTC
"RequestDispatcherTest.FindBestMatchNoMatch" time elapsed: 00:00:00
----------------------------------------------------------

128/131 Testing: RequestDispatcherTest.FindBestMatchLongestPrefix
128/131 Test: RequestDispatcherTest.FindBestMatchLongestPrefix
Command: "/usr/src/projects/insert-cheesy-bread/build_coverage/bin/request_dispatcher_test" "--gtest_filter=RequestDispatcherTest.FindBestMatchLongestPrefix" "--gtest_also_run_disabled_tests"
Directory: /usr/src/projects/insert-cheesy-bread/tests
"RequestDispatcherTest.FindBestMatchLongestPrefix" start time: Nov 05 03:57 UTC
Output:
----------------------------------------------------------
Running main() from /usr/src/googletest/googletest/src/gtest_main.cc
Note: Google Test filter = RequestDispatcherTest.FindBestMatchLongestPrefix
[==========] Running 1 test from 1 test suite.
[----------] Global test environment set-up.
[----------] 1 test from RequestDispatcherTest
[ RUN      ] RequestDispatcherTest.FindBestMatchLongestPrefix
[2025-11-05 03:57:00.244006] [0x00007da16bc8a740] [info]    Initializing request dispatcher from server config
[2025-11-05 03:57:00.244041] [0x00007da16bc8a740] [info]    Initialized handler 'echo' for location: /
[2025-11-05 03:57:00.244051] [0x00007da16bc8a740] [info]    Initialized handler 'echo' for location: /foo
[2025-11-05 03:57:00.244058] [0x00007da16bc8a740] [info]    Initialized handler 'echo' for location: /foo/bar
[2025-11-05 03:57:00.244066] [0x00007da16bc8a740] [info]    Dispatcher initialized with 3 handlers
[       OK ] RequestDispatcherTest.FindBestMatchLongestPrefix (0 ms)
[----------] 1 test from RequestDispatcherTest (0 ms total)

[----------] Global test environment tear-down
[==========] 1 test from 1 test suite ran. (0 ms total)
[  PASSED  ] 1 test.
<end of output>
Test time =   0.01 sec
----------------------------------------------------------
Test Passed.
"RequestDispatcherTest.FindBestMatchLongestPrefix" end time: Nov 05 03:57 UTC
"RequestDispatcherTest.FindBestMatchLongestPrefix" time elapsed: 00:00:00
----------------------------------------------------------

129/131 Testing: RequestDispatcherTest.GetHandlerNoMatch
129/131 Test: RequestDispatcherTest.GetHandlerNoMatch
Command: "/usr/src/projects/insert-cheesy-bread/build_coverage/bin/request_dispatcher_test" "--gtest_filter=RequestDispatcherTest.GetHandlerNoMatch" "--gtest_also_run_disabled_tests"
Directory: /usr/src/projects/insert-cheesy-bread/tests
"RequestDispatcherTest.GetHandlerNoMatch" start time: Nov 05 03:57 UTC
Output:
----------------------------------------------------------
Running main() from /usr/src/googletest/googletest/src/gtest_main.cc
Note: Google Test filter = RequestDispatcherTest.GetHandlerNoMatch
[==========] Running 1 test from 1 test suite.
[----------] Global test environment set-up.
[----------] 1 test from RequestDispatcherTest
[ RUN      ] RequestDispatcherTest.GetHandlerNoMatch
[2025-11-05 03:57:00.250218] [0x0000792a0886c740] [info]    Initializing request dispatcher from server config
[2025-11-05 03:57:00.250252] [0x0000792a0886c740] [info]    Initialized handler 'echo' for location: /echo
[2025-11-05 03:57:00.250262] [0x0000792a0886c740] [info]    Dispatcher initialized with 1 handlers
[2025-11-05 03:57:00.250272] [0x0000792a0886c740] [warning] No handler found for URL: /unmatched/path
[       OK ] RequestDispatcherTest.GetHandlerNoMatch (0 ms)
[----------] 1 test from RequestDispatcherTest (0 ms total)

[----------] Global test environment tear-down
[==========] 1 test from 1 test suite ran. (0 ms total)
[  PASSED  ] 1 test.
<end of output>
Test time =   0.01 sec
----------------------------------------------------------
Test Passed.
"RequestDispatcherTest.GetHandlerNoMatch" end time: Nov 05 03:57 UTC
"RequestDispatcherTest.GetHandlerNoMatch" time elapsed: 00:00:00
----------------------------------------------------------

130/131 Testing: RequestDispatcherTest.GetHandlerSuccess
130/131 Test: RequestDispatcherTest.GetHandlerSuccess
Command: "/usr/src/projects/insert-cheesy-bread/build_coverage/bin/request_dispatcher_test" "--gtest_filter=RequestDispatcherTest.GetHandlerSuccess" "--gtest_also_run_disabled_tests"
Directory: /usr/src/projects/insert-cheesy-bread/tests
"RequestDispatcherTest.GetHandlerSuccess" start time: Nov 05 03:57 UTC
Output:
----------------------------------------------------------
Running main() from /usr/src/googletest/googletest/src/gtest_main.cc
Note: Google Test filter = RequestDispatcherTest.GetHandlerSuccess
[==========] Running 1 test from 1 test suite.
[----------] Global test environment set-up.
[----------] 1 test from RequestDispatcherTest
[ RUN      ] RequestDispatcherTest.GetHandlerSuccess
[2025-11-05 03:57:00.257628] [0x00007c6f89344740] [info]    Initializing request dispatcher from server config
[2025-11-05 03:57:00.257666] [0x00007c6f89344740] [info]    Initialized handler 'echo' for location: /echo
[2025-11-05 03:57:00.257681] [0x00007c6f89344740] [info]    Initialized handler 'file (root: public)' for location: /static
[2025-11-05 03:57:00.257690] [0x00007c6f89344740] [info]    Dispatcher initialized with 2 handlers
[       OK ] RequestDispatcherTest.GetHandlerSuccess (0 ms)
[----------] 1 test from RequestDispatcherTest (0 ms total)

[----------] Global test environment tear-down
[==========] 1 test from 1 test suite ran. (0 ms total)
[  PASSED  ] 1 test.
<end of output>
Test time =   0.01 sec
----------------------------------------------------------
Test Passed.
"RequestDispatcherTest.GetHandlerSuccess" end time: Nov 05 03:57 UTC
"RequestDispatcherTest.GetHandlerSuccess" time elapsed: 00:00:00
----------------------------------------------------------

131/131 Testing: integration_test
131/131 Test: integration_test
Command: "/usr/bin/python3" "/usr/src/projects/insert-cheesy-bread/tests/integration_test.py"
Directory: /usr/src/projects/insert-cheesy-bread
"integration_test" start time: Nov 05 03:57 UTC
Output:
----------------------------------------------------------
[2025-11-04 19:57:00.313059] [0x00007cc22f740740] [info] Config file parsing succeeded: /tmp/tmpedoq5_nc
[2025-11-04 19:57:00.313245] [0x00007cc22f740740] [info] Extracted listen port: -7539
[2025-11-04 19:57:00.313291] [0x00007cc22f740740] [info] Extracted location: / -> echo
[2025-11-04 19:57:00.313320] [0x00007cc22f740740] [info] Extracted server config: port=-7539, locations=1
[2025-11-04 19:57:00.313360] [0x00007cc22f740740] [info] Initializing request dispatcher from server config
[2025-11-04 19:57:00.313414] [0x00007cc22f740740] [info] Initialized handler 'echo' for location: /
[2025-11-04 19:57:00.313456] [0x00007cc22f740740] [info] Dispatcher initialized with 1 handlers
[2025-11-04 19:57:00.313520] [0x00007cc22f740740] [info] Request dispatcher initialized successfully with 1 routes
[2025-11-04 19:57:00.313555] [0x00007cc22f740740] [info] Server initialization complete
Listening on port: -7539
[2025-11-04 19:57:00.313824] [0x00007cc22f740740] [info] Server is listening on port: -7539
[2025-11-04 19:57:00.612885] [0x00007cc22f740740] [info] Successfully accepted connection from 127.0.0.1:53922
[2025-11-04 19:57:00.613051] [0x00007cc22f740740] [info] Starting session from 127.0.0.1:53922
[2025-11-04 19:57:00.613179] [0x00007cc22f740740] [info] Request from 127.0.0.1:53922 is GET / HTTP/1.1
Host: 127.0.0.1

[2025-11-04 19:57:00.613216] [0x00007cc22f740740] [info] Request contains 35 bytes
[2025-11-04 19:57:00.613286] [0x00007cc22f740740] [info] Processing request for URL: /
[2025-11-04 19:57:00.613399] [0x00007cc22f740740] [info] Client 127.0.0.1:53922 disconnected
[2025-11-04 19:57:00.613649] [0x00007cc22f740740] [info] Terminating since received Ctrl + C:
[2025-11-04 19:57:00.621504] [0x00007e74209bd740] [info] Config file parsing succeeded: /tmp/tmpsu64pdnl
[2025-11-04 19:57:00.621693] [0x00007e74209bd740] [info] Extracted listen port: -10659
[2025-11-04 19:57:00.621767] [0x00007e74209bd740] [info] Extracted location: / -> file
[2025-11-04 19:57:00.621808] [0x00007e74209bd740] [info] Extracted server config: port=-10659, locations=1
[2025-11-04 19:57:00.621849] [0x00007e74209bd740] [info] Initializing request dispatcher from server config
[2025-11-04 19:57:00.621895] [0x00007e74209bd740] [info] Initialized handler 'file (root: /tmp/tmpv_4kar3g)' for location: /
[2025-11-04 19:57:00.621948] [0x00007e74209bd740] [info] Dispatcher initialized with 1 handlers
[2025-11-04 19:57:00.621983] [0x00007e74209bd740] [info] Request dispatcher initialized successfully with 1 routes
[2025-11-04 19:57:00.622017] [0x00007e74209bd740] [info] Server initialization complete
Listening on port: -10659
[2025-11-04 19:57:00.622275] [0x00007e74209bd740] [info] Server is listening on port: -10659
[2025-11-04 19:57:00.916415] [0x00007e74209bd740] [info] Successfully accepted connection from 127.0.0.1:60452
[2025-11-04 19:57:00.916616] [0x00007e74209bd740] [info] Starting session from 127.0.0.1:60452
[2025-11-04 19:57:00.916749] [0x00007e74209bd740] [info] Request from 127.0.0.1:60452 is GET /test.txt HTTP/1.1
Host: 127.0.0.1

[2025-11-04 19:57:00.916789] [0x00007e74209bd740] [info] Request contains 43 bytes
[2025-11-04 19:57:00.916879] [0x00007e74209bd740] [info] Processing request for URL: /test.txt
[2025-11-04 19:57:00.916926] [0x00007e74209bd740] [info] FileHandler: base_dir=/tmp/tmpv_4kar3g, url_path=test.txt, requested_path=/tmp/tmpv_4kar3g/test.txt
[2025-11-04 19:57:00.917146] [0x00007e74209bd740] [info] FileHandler: canonical requested_path=/tmp/tmpv_4kar3g/test.txt, canonical base_dir=/tmp/tmpv_4kar3g
[2025-11-04 19:57:00.917390] [0x00007e74209bd740] [info] Client 127.0.0.1:60452 disconnected
[2025-11-04 19:57:00.917732] [0x00007e74209bd740] [info] Terminating since received Ctrl + C:
[2025-11-04 19:57:00.924990] [0x00007c36d11f7740] [info] Config file parsing succeeded: /tmp/tmpqp2bbb0_
[2025-11-04 19:57:00.925162] [0x00007c36d11f7740] [info] Extracted listen port: -5763
[2025-11-04 19:57:00.925229] [0x00007c36d11f7740] [info] Extracted location: / -> file
[2025-11-04 19:57:00.925271] [0x00007c36d11f7740] [info] Extracted server config: port=-5763, locations=1
[2025-11-04 19:57:00.925310] [0x00007c36d11f7740] [info] Initializing request dispatcher from server config
[2025-11-04 19:57:00.925356] [0x00007c36d11f7740] [info] Initialized handler 'file (root: /tmp/tmpv_4kar3g)' for location: /
[2025-11-04 19:57:00.925406] [0x00007c36d11f7740] [info] Dispatcher initialized with 1 handlers
[2025-11-04 19:57:00.925441] [0x00007c36d11f7740] [info] Request dispatcher initialized successfully with 1 routes
[2025-11-04 19:57:00.925489] [0x00007c36d11f7740] [info] Server initialization complete
Listening on port: -5763
[2025-11-04 19:57:00.925759] [0x00007c36d11f7740] [info] Server is listening on port: -5763
[2025-11-04 19:57:01.221199] [0x00007c36d11f7740] [info] Successfully accepted connection from 127.0.0.1:53152
[2025-11-04 19:57:01.221344] [0x00007c36d11f7740] [info] Starting session from 127.0.0.1:53152
[2025-11-04 19:57:01.221458] [0x00007c36d11f7740] [info] Request from 127.0.0.1:53152 is GET /index.html HTTP/1.1
Host: 127.0.0.1

[2025-11-04 19:57:01.221535] [0x00007c36d11f7740] [info] Request contains 45 bytes
[2025-11-04 19:57:01.221605] [0x00007c36d11f7740] [info] Processing request for URL: /index.html
[2025-11-04 19:57:01.221652] [0x00007c36d11f7740] [info] FileHandler: base_dir=/tmp/tmpv_4kar3g, url_path=index.html, requested_path=/tmp/tmpv_4kar3g/index.html
[2025-11-04 19:57:01.221765] [0x00007c36d11f7740] [info] FileHandler: canonical requested_path=/tmp/tmpv_4kar3g/index.html, canonical base_dir=/tmp/tmpv_4kar3g
[2025-11-04 19:57:01.221948] [0x00007c36d11f7740] [info] Client 127.0.0.1:53152 disconnected
[2025-11-04 19:57:01.222178] [0x00007c36d11f7740] [info] Terminating since received Ctrl + C:
[2025-11-04 19:57:01.227208] [0x00007d7aae91a740] [info] Config file parsing succeeded: /tmp/tmpms_ttbvo
[2025-11-04 19:57:01.227427] [0x00007d7aae91a740] [info] Extracted listen port: -13421
[2025-11-04 19:57:01.227587] [0x00007d7aae91a740] [info] Extracted location: / -> file
[2025-11-04 19:57:01.227660] [0x00007d7aae91a740] [info] Extracted server config: port=-13421, locations=1
[2025-11-04 19:57:01.227716] [0x00007d7aae91a740] [info] Initializing request dispatcher from server config
[2025-11-04 19:57:01.227779] [0x00007d7aae91a740] [info] Initialized handler 'file (root: /tmp/tmpv_4kar3g)' for location: /
[2025-11-04 19:57:01.227855] [0x00007d7aae91a740] [info] Dispatcher initialized with 1 handlers
[2025-11-04 19:57:01.227906] [0x00007d7aae91a740] [info] Request dispatcher initialized successfully with 1 routes
[2025-11-04 19:57:01.227978] [0x00007d7aae91a740] [info] Server initialization complete
Listening on port: -13421
[2025-11-04 19:57:01.228295] [0x00007d7aae91a740] [info] Server is listening on port: -13421
[2025-11-04 19:57:01.524135] [0x00007d7aae91a740] [info] Successfully accepted connection from 127.0.0.1:43256
[2025-11-04 19:57:01.524264] [0x00007d7aae91a740] [info] Starting session from 127.0.0.1:43256
[2025-11-04 19:57:01.524373] [0x00007d7aae91a740] [info] Request from 127.0.0.1:43256 is GET /style.css HTTP/1.1
Host: 127.0.0.1

[2025-11-04 19:57:01.524412] [0x00007d7aae91a740] [info] Request contains 44 bytes
[2025-11-04 19:57:01.524515] [0x00007d7aae91a740] [info] Processing request for URL: /style.css
[2025-11-04 19:57:01.524569] [0x00007d7aae91a740] [info] FileHandler: base_dir=/tmp/tmpv_4kar3g, url_path=style.css, requested_path=/tmp/tmpv_4kar3g/style.css
[2025-11-04 19:57:01.524662] [0x00007d7aae91a740] [info] FileHandler: canonical requested_path=/tmp/tmpv_4kar3g/style.css, canonical base_dir=/tmp/tmpv_4kar3g
[2025-11-04 19:57:01.524846] [0x00007d7aae91a740] [info] Client 127.0.0.1:43256 disconnected
[2025-11-04 19:57:01.525056] [0x00007d7aae91a740] [info] Terminating since received Ctrl + C:
[2025-11-04 19:57:01.531943] [0x000078d1d5183740] [info] Config file parsing succeeded: /tmp/tmpwmwl_ks8
[2025-11-04 19:57:01.532104] [0x000078d1d5183740] [info] Extracted listen port: -29675
[2025-11-04 19:57:01.532166] [0x000078d1d5183740] [info] Extracted location: / -> file
[2025-11-04 19:57:01.532207] [0x000078d1d5183740] [info] Extracted server config: port=-29675, locations=1
[2025-11-04 19:57:01.532246] [0x000078d1d5183740] [info] Initializing request dispatcher from server config
[2025-11-04 19:57:01.532288] [0x000078d1d5183740] [info] Initialized handler 'file (root: /tmp/tmpv_4kar3g)' for location: /
[2025-11-04 19:57:01.532337] [0x000078d1d5183740] [info] Dispatcher initialized with 1 handlers
[2025-11-04 19:57:01.532371] [0x000078d1d5183740] [info] Request dispatcher initialized successfully with 1 routes
[2025-11-04 19:57:01.532403] [0x000078d1d5183740] [info] Server initialization complete
Listening on port: -29675
[2025-11-04 19:57:01.532656] [0x000078d1d5183740] [info] Server is listening on port: -29675
[2025-11-04 19:57:01.828078] [0x000078d1d5183740] [info] Successfully accepted connection from 127.0.0.1:59586
[2025-11-04 19:57:01.828210] [0x000078d1d5183740] [info] Starting session from 127.0.0.1:59586
[2025-11-04 19:57:01.828315] [0x000078d1d5183740] [info] Request from 127.0.0.1:59586 is GET /nonexistent.txt HTTP/1.1
Host: 127.0.0.1

[2025-11-04 19:57:01.828354] [0x000078d1d5183740] [info] Request contains 50 bytes
[2025-11-04 19:57:01.828430] [0x000078d1d5183740] [info] Processing request for URL: /nonexistent.txt
[2025-11-04 19:57:01.828499] [0x000078d1d5183740] [info] FileHandler: base_dir=/tmp/tmpv_4kar3g, url_path=nonexistent.txt, requested_path=/tmp/tmpv_4kar3g/nonexistent.txt
[2025-11-04 19:57:01.828592] [0x000078d1d5183740] [warning] File does not exist: /tmp/tmpv_4kar3g/nonexistent.txt
[2025-11-04 19:57:01.828707] [0x000078d1d5183740] [info] Client 127.0.0.1:59586 disconnected
[2025-11-04 19:57:01.828906] [0x000078d1d5183740] [info] Terminating since received Ctrl + C:
Running test: echo_handler_get
  PASSED: echo_handler_get
Running test: static_handler_txt
  PASSED: static_handler_txt
Running test: static_handler_html
  PASSED: static_handler_html
Running test: static_handler_css
  PASSED: static_handler_css
Running test: static_handler_404_missing_file
  PASSED: static_handler_404_missing_file

==================================================
Test Summary:
==================================================
  ✓ PASSED: echo_handler_get
  ✓ PASSED: static_handler_txt
  ✓ PASSED: static_handler_html
  ✓ PASSED: static_handler_css
  ✓ PASSED: static_handler_404_missing_file

Total: 5/5 tests passed
<end of output>
Test time =   1.58 sec
----------------------------------------------------------
Test Passed.
"integration_test" end time: Nov 05 03:57 UTC
"integration_test" time elapsed: 00:00:01
----------------------------------------------------------

End testing: Nov 05 03:57 UTC
